{"/home/tdfischer/Projects/ripple/montecarlo/lib/circleci.js":{"path":"/home/tdfischer/Projects/ripple/montecarlo/lib/circleci.js","s":{"1":1,"2":1,"3":1,"4":1},"b":{},"f":{},"fnMap":{},"statementMap":{"1":{"start":{"line":1,"column":0},"end":{"line":1,"column":35}},"2":{"start":{"line":2,"column":0},"end":{"line":2,"column":32}},"3":{"start":{"line":4,"column":0},"end":{"line":6,"column":3}},"4":{"start":{"line":8,"column":0},"end":{"line":8,"column":20}}},"branchMap":{}},"/home/tdfischer/Projects/ripple/montecarlo/lib/config.js":{"path":"/home/tdfischer/Projects/ripple/montecarlo/lib/config.js","s":{"1":1,"2":1,"3":1,"4":1,"5":1,"6":1,"7":1,"8":1,"9":1,"10":0,"11":1,"12":0,"13":0,"14":0,"15":0,"16":0,"17":0,"18":0,"19":1,"20":1,"21":1},"b":{"1":[0,1],"2":[0,1],"3":[1,0]},"f":{},"fnMap":{},"statementMap":{"1":{"start":{"line":1,"column":0},"end":{"line":1,"column":29}},"2":{"start":{"line":2,"column":0},"end":{"line":2,"column":25}},"3":{"start":{"line":3,"column":0},"end":{"line":3,"column":31}},"4":{"start":{"line":4,"column":0},"end":{"line":4,"column":35}},"5":{"start":{"line":6,"column":0},"end":{"line":6,"column":14}},"6":{"start":{"line":8,"column":0},"end":{"line":8,"column":20}},"7":{"start":{"line":9,"column":0},"end":{"line":9,"column":12}},"8":{"start":{"line":10,"column":0},"end":{"line":25,"column":3}},"9":{"start":{"line":27,"column":0},"end":{"line":29,"column":1}},"10":{"start":{"line":28,"column":2},"end":{"line":28,"column":29}},"11":{"start":{"line":31,"column":0},"end":{"line":39,"column":1}},"12":{"start":{"line":32,"column":2},"end":{"line":32,"column":56}},"13":{"start":{"line":33,"column":2},"end":{"line":33,"column":41}},"14":{"start":{"line":34,"column":2},"end":{"line":34,"column":49}},"15":{"start":{"line":35,"column":2},"end":{"line":35,"column":59}},"16":{"start":{"line":36,"column":2},"end":{"line":36,"column":45}},"17":{"start":{"line":37,"column":2},"end":{"line":37,"column":49}},"18":{"start":{"line":38,"column":2},"end":{"line":38,"column":59}},"19":{"start":{"line":41,"column":0},"end":{"line":43,"column":1}},"20":{"start":{"line":42,"column":2},"end":{"line":42,"column":34}},"21":{"start":{"line":45,"column":0},"end":{"line":45,"column":23}}},"branchMap":{"1":{"line":27,"type":"if","locations":[{"start":{"line":27,"column":0},"end":{"line":27,"column":0}},{"start":{"line":27,"column":0},"end":{"line":27,"column":0}}]},"2":{"line":31,"type":"if","locations":[{"start":{"line":31,"column":0},"end":{"line":31,"column":0}},{"start":{"line":31,"column":0},"end":{"line":31,"column":0}}]},"3":{"line":41,"type":"if","locations":[{"start":{"line":41,"column":0},"end":{"line":41,"column":0}},{"start":{"line":41,"column":0},"end":{"line":41,"column":0}}]}}},"/home/tdfischer/Projects/ripple/montecarlo/app.js":{"path":"/home/tdfischer/Projects/ripple/montecarlo/app.js","s":{"1":1,"2":1,"3":1,"4":1,"5":1,"6":1,"7":1,"8":1,"9":1,"10":1,"11":1,"12":1,"13":1,"14":1,"15":1,"16":1,"17":1,"18":1,"19":1,"20":1,"21":1,"22":1,"23":1,"24":0,"25":1,"26":0,"27":1,"28":0,"29":1,"30":1,"31":1,"32":1,"33":1,"34":0,"35":0,"36":1,"37":0,"38":0,"39":0,"40":0,"41":0,"42":0,"43":1,"44":1,"45":1,"46":1,"47":0,"48":1,"49":1,"50":1,"51":1,"52":1,"53":1,"54":0,"55":0,"56":0,"57":1,"58":1,"59":0,"60":0,"61":0,"62":0,"63":0,"64":0,"65":0,"66":1,"67":1,"68":1,"69":1,"70":1,"71":0,"72":0,"73":0,"74":1,"75":0,"76":0,"77":0,"78":1,"79":0,"80":0,"81":0,"82":0,"83":1,"84":0,"85":0,"86":0,"87":1,"88":1,"89":1,"90":1,"91":1,"92":0,"93":0,"94":1,"95":1},"b":{"1":[1,1],"2":[0,0],"3":[0,0],"4":[0,0],"5":[0,0],"6":[0,0],"7":[0,1],"8":[0,1],"9":[0,1],"10":[0,0],"11":[0,0,0],"12":[0,1]},"f":{"1":0,"2":0,"3":0,"4":0,"5":0,"6":0,"7":0,"8":0,"9":0,"10":1,"11":1,"12":0,"13":1,"14":0,"15":0,"16":1,"17":1,"18":1,"19":1,"20":0},"fnMap":{"1":{"name":"(anonymous_1)","line":26,"loc":{"start":{"line":26,"column":25},"end":{"line":26,"column":37}}},"2":{"name":"(anonymous_2)","line":29,"loc":{"start":{"line":29,"column":25},"end":{"line":29,"column":37}}},"3":{"name":"(anonymous_3)","line":32,"loc":{"start":{"line":32,"column":25},"end":{"line":32,"column":37}}},"4":{"name":"(anonymous_4)","line":41,"loc":{"start":{"line":41,"column":26},"end":{"line":41,"column":45}}},"5":{"name":"(anonymous_5)","line":42,"loc":{"start":{"line":42,"column":33},"end":{"line":42,"column":50}}},"6":{"name":"(anonymous_6)","line":47,"loc":{"start":{"line":47,"column":33},"end":{"line":47,"column":52}}},"7":{"name":"(anonymous_7)","line":48,"loc":{"start":{"line":48,"column":56},"end":{"line":48,"column":70}}},"8":{"name":"(anonymous_8)","line":50,"loc":{"start":{"line":50,"column":16},"end":{"line":50,"column":29}}},"9":{"name":"(anonymous_9)","line":54,"loc":{"start":{"line":54,"column":10},"end":{"line":54,"column":24}}},"10":{"name":"(anonymous_10)","line":59,"loc":{"start":{"line":59,"column":13},"end":{"line":59,"column":32}}},"11":{"name":"(anonymous_11)","line":61,"loc":{"start":{"line":61,"column":58},"end":{"line":61,"column":72}}},"12":{"name":"(anonymous_12)","line":63,"loc":{"start":{"line":63,"column":18},"end":{"line":63,"column":31}}},"13":{"name":"(anonymous_13)","line":71,"loc":{"start":{"line":71,"column":4},"end":{"line":71,"column":53}}},"14":{"name":"(anonymous_14)","line":76,"loc":{"start":{"line":76,"column":27},"end":{"line":76,"column":39}}},"15":{"name":"(anonymous_15)","line":84,"loc":{"start":{"line":84,"column":19},"end":{"line":84,"column":31}}},"16":{"name":"(anonymous_16)","line":106,"loc":{"start":{"line":106,"column":25},"end":{"line":106,"column":44}}},"17":{"name":"(anonymous_17)","line":158,"loc":{"start":{"line":158,"column":18},"end":{"line":158,"column":37}}},"18":{"name":"(anonymous_18)","line":159,"loc":{"start":{"line":159,"column":27},"end":{"line":159,"column":38}}},"19":{"name":"(anonymous_19)","line":161,"loc":{"start":{"line":161,"column":10},"end":{"line":161,"column":26}}},"20":{"name":"(anonymous_20)","line":162,"loc":{"start":{"line":162,"column":18},"end":{"line":162,"column":33}}}},"statementMap":{"1":{"start":{"line":1,"column":0},"end":{"line":1,"column":39}},"2":{"start":{"line":2,"column":0},"end":{"line":2,"column":35}},"3":{"start":{"line":3,"column":0},"end":{"line":3,"column":31}},"4":{"start":{"line":4,"column":0},"end":{"line":4,"column":33}},"5":{"start":{"line":5,"column":0},"end":{"line":5,"column":20}},"6":{"start":{"line":6,"column":0},"end":{"line":6,"column":41}},"7":{"start":{"line":7,"column":0},"end":{"line":7,"column":43}},"8":{"start":{"line":8,"column":0},"end":{"line":8,"column":40}},"9":{"start":{"line":9,"column":0},"end":{"line":9,"column":70}},"10":{"start":{"line":10,"column":0},"end":{"line":10,"column":39}},"11":{"start":{"line":11,"column":0},"end":{"line":11,"column":31}},"12":{"start":{"line":12,"column":0},"end":{"line":12,"column":37}},"13":{"start":{"line":13,"column":0},"end":{"line":13,"column":36}},"14":{"start":{"line":14,"column":0},"end":{"line":14,"column":35}},"15":{"start":{"line":15,"column":0},"end":{"line":15,"column":37}},"16":{"start":{"line":16,"column":0},"end":{"line":16,"column":41}},"17":{"start":{"line":18,"column":0},"end":{"line":18,"column":41}},"18":{"start":{"line":19,"column":0},"end":{"line":19,"column":37}},"19":{"start":{"line":21,"column":0},"end":{"line":21,"column":33}},"20":{"start":{"line":22,"column":0},"end":{"line":22,"column":41}},"21":{"start":{"line":24,"column":0},"end":{"line":24,"column":62}},"22":{"start":{"line":25,"column":0},"end":{"line":25,"column":53}},"23":{"start":{"line":26,"column":0},"end":{"line":28,"column":3}},"24":{"start":{"line":27,"column":2},"end":{"line":27,"column":79}},"25":{"start":{"line":29,"column":0},"end":{"line":31,"column":3}},"26":{"start":{"line":30,"column":2},"end":{"line":30,"column":52}},"27":{"start":{"line":32,"column":0},"end":{"line":34,"column":3}},"28":{"start":{"line":33,"column":2},"end":{"line":33,"column":46}},"29":{"start":{"line":36,"column":0},"end":{"line":36,"column":44}},"30":{"start":{"line":37,"column":0},"end":{"line":37,"column":31}},"31":{"start":{"line":38,"column":0},"end":{"line":38,"column":47}},"32":{"start":{"line":39,"column":0},"end":{"line":39,"column":27}},"33":{"start":{"line":41,"column":0},"end":{"line":45,"column":3}},"34":{"start":{"line":42,"column":2},"end":{"line":44,"column":5}},"35":{"start":{"line":43,"column":4},"end":{"line":43,"column":21}},"36":{"start":{"line":47,"column":0},"end":{"line":57,"column":3}},"37":{"start":{"line":48,"column":2},"end":{"line":56,"column":5}},"38":{"start":{"line":49,"column":4},"end":{"line":49,"column":15}},"39":{"start":{"line":50,"column":4},"end":{"line":52,"column":7}},"40":{"start":{"line":51,"column":6},"end":{"line":51,"column":43}},"41":{"start":{"line":53,"column":4},"end":{"line":53,"column":27}},"42":{"start":{"line":55,"column":4},"end":{"line":55,"column":18}},"43":{"start":{"line":59,"column":0},"end":{"line":104,"column":3}},"44":{"start":{"line":60,"column":2},"end":{"line":103,"column":4}},"45":{"start":{"line":62,"column":6},"end":{"line":62,"column":17}},"46":{"start":{"line":63,"column":6},"end":{"line":65,"column":9}},"47":{"start":{"line":64,"column":8},"end":{"line":64,"column":45}},"48":{"start":{"line":66,"column":6},"end":{"line":66,"column":29}},"49":{"start":{"line":72,"column":6},"end":{"line":72,"column":53}},"50":{"start":{"line":73,"column":6},"end":{"line":73,"column":22}},"51":{"start":{"line":74,"column":6},"end":{"line":74,"column":22}},"52":{"start":{"line":75,"column":6},"end":{"line":75,"column":28}},"53":{"start":{"line":76,"column":6},"end":{"line":82,"column":9}},"54":{"start":{"line":77,"column":8},"end":{"line":81,"column":9}},"55":{"start":{"line":78,"column":10},"end":{"line":78,"column":23}},"56":{"start":{"line":80,"column":10},"end":{"line":80,"column":23}},"57":{"start":{"line":83,"column":6},"end":{"line":83,"column":51}},"58":{"start":{"line":84,"column":6},"end":{"line":94,"column":9}},"59":{"start":{"line":85,"column":8},"end":{"line":93,"column":9}},"60":{"start":{"line":86,"column":10},"end":{"line":92,"column":11}},"61":{"start":{"line":87,"column":12},"end":{"line":87,"column":33}},"62":{"start":{"line":88,"column":17},"end":{"line":92,"column":11}},"63":{"start":{"line":89,"column":12},"end":{"line":89,"column":31}},"64":{"start":{"line":90,"column":17},"end":{"line":92,"column":11}},"65":{"start":{"line":91,"column":12},"end":{"line":91,"column":33}},"66":{"start":{"line":95,"column":6},"end":{"line":101,"column":9}},"67":{"start":{"line":106,"column":0},"end":{"line":156,"column":3}},"68":{"start":{"line":107,"column":2},"end":{"line":107,"column":48}},"69":{"start":{"line":108,"column":2},"end":{"line":108,"column":53}},"70":{"start":{"line":109,"column":2},"end":{"line":155,"column":3}},"71":{"start":{"line":110,"column":4},"end":{"line":112,"column":34}},"72":{"start":{"line":113,"column":4},"end":{"line":117,"column":6}},"73":{"start":{"line":118,"column":4},"end":{"line":118,"column":26}},"74":{"start":{"line":119,"column":9},"end":{"line":155,"column":3}},"75":{"start":{"line":120,"column":4},"end":{"line":123,"column":31}},"76":{"start":{"line":124,"column":4},"end":{"line":128,"column":6}},"77":{"start":{"line":129,"column":4},"end":{"line":129,"column":26}},"78":{"start":{"line":130,"column":9},"end":{"line":155,"column":3}},"79":{"start":{"line":131,"column":4},"end":{"line":141,"column":5}},"80":{"start":{"line":132,"column":6},"end":{"line":135,"column":40}},"81":{"start":{"line":136,"column":6},"end":{"line":140,"column":8}},"82":{"start":{"line":142,"column":4},"end":{"line":142,"column":26}},"83":{"start":{"line":143,"column":9},"end":{"line":155,"column":3}},"84":{"start":{"line":144,"column":4},"end":{"line":146,"column":34}},"85":{"start":{"line":147,"column":4},"end":{"line":151,"column":6}},"86":{"start":{"line":152,"column":4},"end":{"line":152,"column":26}},"87":{"start":{"line":154,"column":4},"end":{"line":154,"column":59}},"88":{"start":{"line":158,"column":0},"end":{"line":170,"column":3}},"89":{"start":{"line":159,"column":2},"end":{"line":169,"column":5}},"90":{"start":{"line":160,"column":4},"end":{"line":160,"column":28}},"91":{"start":{"line":162,"column":4},"end":{"line":167,"column":7}},"92":{"start":{"line":163,"column":6},"end":{"line":165,"column":21}},"93":{"start":{"line":166,"column":6},"end":{"line":166,"column":64}},"94":{"start":{"line":168,"column":4},"end":{"line":168,"column":42}},"95":{"start":{"line":172,"column":0},"end":{"line":175,"column":2}}},"branchMap":{"1":{"line":36,"type":"binary-expr","locations":[{"start":{"line":36,"column":17},"end":{"line":36,"column":33}},{"start":{"line":36,"column":37},"end":{"line":36,"column":41}}]},"2":{"line":77,"type":"if","locations":[{"start":{"line":77,"column":8},"end":{"line":77,"column":8}},{"start":{"line":77,"column":8},"end":{"line":77,"column":8}}]},"3":{"line":85,"type":"if","locations":[{"start":{"line":85,"column":8},"end":{"line":85,"column":8}},{"start":{"line":85,"column":8},"end":{"line":85,"column":8}}]},"4":{"line":86,"type":"if","locations":[{"start":{"line":86,"column":10},"end":{"line":86,"column":10}},{"start":{"line":86,"column":10},"end":{"line":86,"column":10}}]},"5":{"line":88,"type":"if","locations":[{"start":{"line":88,"column":17},"end":{"line":88,"column":17}},{"start":{"line":88,"column":17},"end":{"line":88,"column":17}}]},"6":{"line":90,"type":"if","locations":[{"start":{"line":90,"column":17},"end":{"line":90,"column":17}},{"start":{"line":90,"column":17},"end":{"line":90,"column":17}}]},"7":{"line":109,"type":"if","locations":[{"start":{"line":109,"column":2},"end":{"line":109,"column":2}},{"start":{"line":109,"column":2},"end":{"line":109,"column":2}}]},"8":{"line":119,"type":"if","locations":[{"start":{"line":119,"column":9},"end":{"line":119,"column":9}},{"start":{"line":119,"column":9},"end":{"line":119,"column":9}}]},"9":{"line":130,"type":"if","locations":[{"start":{"line":130,"column":9},"end":{"line":130,"column":9}},{"start":{"line":130,"column":9},"end":{"line":130,"column":9}}]},"10":{"line":131,"type":"if","locations":[{"start":{"line":131,"column":4},"end":{"line":131,"column":4}},{"start":{"line":131,"column":4},"end":{"line":131,"column":4}}]},"11":{"line":131,"type":"binary-expr","locations":[{"start":{"line":131,"column":8},"end":{"line":131,"column":35}},{"start":{"line":131,"column":39},"end":{"line":131,"column":68}},{"start":{"line":131,"column":72},"end":{"line":131,"column":99}}]},"12":{"line":143,"type":"if","locations":[{"start":{"line":143,"column":9},"end":{"line":143,"column":9}},{"start":{"line":143,"column":9},"end":{"line":143,"column":9}}]}}},"/home/tdfischer/Projects/ripple/montecarlo/lib/winston.js":{"path":"/home/tdfischer/Projects/ripple/montecarlo/lib/winston.js","s":{"1":1,"2":1},"b":{},"f":{},"fnMap":{},"statementMap":{"1":{"start":{"line":1,"column":0},"end":{"line":1,"column":33}},"2":{"start":{"line":3,"column":0},"end":{"line":3,"column":25}}},"branchMap":{}},"/home/tdfischer/Projects/ripple/montecarlo/lib/reviewer.js":{"path":"/home/tdfischer/Projects/ripple/montecarlo/lib/reviewer.js","s":{"1":1,"2":1,"3":1,"4":1,"5":1,"6":1,"7":33,"8":33,"9":33,"10":33,"11":33,"12":33,"13":33,"14":33,"15":33,"16":1,"17":103,"18":103,"19":103,"20":103,"21":103,"22":102,"23":102,"24":1,"25":1,"26":1,"27":1,"28":1,"29":1,"30":1,"31":1,"32":1,"33":1,"34":17,"35":17,"36":17,"37":2,"38":2,"39":40,"40":40,"41":40,"42":40,"43":40,"44":0,"45":40,"46":0,"47":40,"48":40,"49":40,"50":40,"51":40,"52":40,"53":40,"54":40,"55":40,"56":0,"57":1,"58":1,"59":1,"60":1,"61":1,"62":1,"63":1,"64":1,"65":1,"66":39,"67":1,"68":0,"69":1},"b":{"1":[102,1],"2":[1,0],"3":[40,0],"4":[0,40],"5":[40,0],"6":[1,0],"7":[0,1]},"f":{"1":33,"2":103,"3":103,"4":1,"5":1,"6":1,"7":17,"8":2,"9":40,"10":40,"11":40,"12":40,"13":40,"14":40,"15":1,"16":1,"17":39},"fnMap":{"1":{"name":"(anonymous_1)","line":7,"loc":{"start":{"line":7,"column":37},"end":{"line":7,"column":73}}},"2":{"name":"(anonymous_2)","line":21,"loc":{"start":{"line":21,"column":11},"end":{"line":21,"column":36}}},"3":{"name":"(anonymous_3)","line":25,"loc":{"start":{"line":25,"column":61},"end":{"line":25,"column":72}}},"4":{"name":"(anonymous_4)","line":36,"loc":{"start":{"line":36,"column":13},"end":{"line":36,"column":29}}},"5":{"name":"(anonymous_5)","line":41,"loc":{"start":{"line":41,"column":13},"end":{"line":41,"column":30}}},"6":{"name":"(anonymous_6)","line":44,"loc":{"start":{"line":44,"column":44},"end":{"line":44,"column":57}}},"7":{"name":"(anonymous_7)","line":48,"loc":{"start":{"line":48,"column":18},"end":{"line":48,"column":35}}},"8":{"name":"(anonymous_8)","line":57,"loc":{"start":{"line":57,"column":16},"end":{"line":57,"column":36}}},"9":{"name":"(anonymous_9)","line":61,"loc":{"start":{"line":61,"column":13},"end":{"line":61,"column":26}}},"10":{"name":"(anonymous_10)","line":65,"loc":{"start":{"line":65,"column":12},"end":{"line":65,"column":29}}},"11":{"name":"(anonymous_11)","line":71,"loc":{"start":{"line":71,"column":16},"end":{"line":71,"column":33}}},"12":{"name":"(anonymous_12)","line":77,"loc":{"start":{"line":77,"column":15},"end":{"line":77,"column":28}}},"13":{"name":"(anonymous_13)","line":80,"loc":{"start":{"line":80,"column":46},"end":{"line":80,"column":63}}},"14":{"name":"(anonymous_14)","line":84,"loc":{"start":{"line":84,"column":32},"end":{"line":84,"column":52}}},"15":{"name":"(anonymous_15)","line":93,"loc":{"start":{"line":93,"column":16},"end":{"line":93,"column":38}}},"16":{"name":"(anonymous_16)","line":104,"loc":{"start":{"line":104,"column":12},"end":{"line":104,"column":26}}},"17":{"name":"(anonymous_17)","line":108,"loc":{"start":{"line":108,"column":20},"end":{"line":108,"column":33}}}},"statementMap":{"1":{"start":{"line":1,"column":0},"end":{"line":1,"column":35}},"2":{"start":{"line":2,"column":0},"end":{"line":2,"column":35}},"3":{"start":{"line":3,"column":0},"end":{"line":3,"column":31}},"4":{"start":{"line":4,"column":0},"end":{"line":4,"column":35}},"5":{"start":{"line":5,"column":0},"end":{"line":5,"column":35}},"6":{"start":{"line":7,"column":0},"end":{"line":18,"column":1}},"7":{"start":{"line":8,"column":2},"end":{"line":8,"column":30}},"8":{"start":{"line":9,"column":2},"end":{"line":9,"column":28}},"9":{"start":{"line":10,"column":2},"end":{"line":10,"column":28}},"10":{"start":{"line":11,"column":2},"end":{"line":11,"column":29}},"11":{"start":{"line":13,"column":2},"end":{"line":13,"column":19}},"12":{"start":{"line":14,"column":2},"end":{"line":14,"column":19}},"13":{"start":{"line":15,"column":2},"end":{"line":15,"column":23}},"14":{"start":{"line":16,"column":2},"end":{"line":16,"column":23}},"15":{"start":{"line":17,"column":2},"end":{"line":17,"column":21}},"16":{"start":{"line":20,"column":0},"end":{"line":118,"column":2}},"17":{"start":{"line":22,"column":4},"end":{"line":22,"column":28}},"18":{"start":{"line":23,"column":4},"end":{"line":23,"column":31}},"19":{"start":{"line":24,"column":4},"end":{"line":24,"column":20}},"20":{"start":{"line":25,"column":4},"end":{"line":34,"column":7}},"21":{"start":{"line":26,"column":6},"end":{"line":33,"column":7}},"22":{"start":{"line":27,"column":8},"end":{"line":27,"column":33}},"23":{"start":{"line":28,"column":8},"end":{"line":28,"column":61}},"24":{"start":{"line":30,"column":8},"end":{"line":30,"column":33}},"25":{"start":{"line":31,"column":8},"end":{"line":31,"column":32}},"26":{"start":{"line":32,"column":8},"end":{"line":32,"column":55}},"27":{"start":{"line":37,"column":4},"end":{"line":37,"column":31}},"28":{"start":{"line":38,"column":4},"end":{"line":38,"column":33}},"29":{"start":{"line":39,"column":4},"end":{"line":39,"column":40}},"30":{"start":{"line":42,"column":4},"end":{"line":42,"column":32}},"31":{"start":{"line":43,"column":4},"end":{"line":43,"column":20}},"32":{"start":{"line":44,"column":4},"end":{"line":46,"column":7}},"33":{"start":{"line":45,"column":6},"end":{"line":45,"column":34}},"34":{"start":{"line":49,"column":4},"end":{"line":49,"column":32}},"35":{"start":{"line":50,"column":4},"end":{"line":50,"column":20}},"36":{"start":{"line":51,"column":4},"end":{"line":55,"column":7}},"37":{"start":{"line":58,"column":4},"end":{"line":58,"column":35}},"38":{"start":{"line":59,"column":4},"end":{"line":59,"column":36}},"39":{"start":{"line":62,"column":4},"end":{"line":62,"column":28}},"40":{"start":{"line":63,"column":4},"end":{"line":63,"column":20}},"41":{"start":{"line":64,"column":4},"end":{"line":75,"column":9}},"42":{"start":{"line":66,"column":8},"end":{"line":68,"column":9}},"43":{"start":{"line":67,"column":10},"end":{"line":67,"column":22}},"44":{"start":{"line":69,"column":8},"end":{"line":69,"column":21}},"45":{"start":{"line":72,"column":8},"end":{"line":74,"column":9}},"46":{"start":{"line":73,"column":10},"end":{"line":73,"column":19}},"47":{"start":{"line":78,"column":4},"end":{"line":78,"column":28}},"48":{"start":{"line":79,"column":4},"end":{"line":79,"column":20}},"49":{"start":{"line":80,"column":4},"end":{"line":91,"column":7}},"50":{"start":{"line":81,"column":6},"end":{"line":90,"column":7}},"51":{"start":{"line":82,"column":8},"end":{"line":82,"column":19}},"52":{"start":{"line":83,"column":8},"end":{"line":83,"column":77}},"53":{"start":{"line":84,"column":8},"end":{"line":86,"column":11}},"54":{"start":{"line":85,"column":10},"end":{"line":85,"column":39}},"55":{"start":{"line":87,"column":8},"end":{"line":87,"column":31}},"56":{"start":{"line":89,"column":8},"end":{"line":89,"column":18}},"57":{"start":{"line":94,"column":4},"end":{"line":94,"column":31}},"58":{"start":{"line":95,"column":4},"end":{"line":95,"column":30}},"59":{"start":{"line":96,"column":4},"end":{"line":96,"column":20}},"60":{"start":{"line":97,"column":4},"end":{"line":97,"column":20}},"61":{"start":{"line":98,"column":4},"end":{"line":116,"column":7}},"62":{"start":{"line":105,"column":6},"end":{"line":105,"column":97}},"63":{"start":{"line":106,"column":6},"end":{"line":115,"column":7}},"64":{"start":{"line":107,"column":8},"end":{"line":107,"column":19}},"65":{"start":{"line":108,"column":8},"end":{"line":110,"column":11}},"66":{"start":{"line":109,"column":10},"end":{"line":109,"column":39}},"67":{"start":{"line":111,"column":8},"end":{"line":113,"column":9}},"68":{"start":{"line":112,"column":10},"end":{"line":112,"column":53}},"69":{"start":{"line":114,"column":8},"end":{"line":114,"column":31}}},"branchMap":{"1":{"line":26,"type":"if","locations":[{"start":{"line":26,"column":6},"end":{"line":26,"column":6}},{"start":{"line":26,"column":6},"end":{"line":26,"column":6}}]},"2":{"line":38,"type":"binary-expr","locations":[{"start":{"line":38,"column":17},"end":{"line":38,"column":22}},{"start":{"line":38,"column":26},"end":{"line":38,"column":32}}]},"3":{"line":66,"type":"if","locations":[{"start":{"line":66,"column":8},"end":{"line":66,"column":8}},{"start":{"line":66,"column":8},"end":{"line":66,"column":8}}]},"4":{"line":72,"type":"if","locations":[{"start":{"line":72,"column":8},"end":{"line":72,"column":8}},{"start":{"line":72,"column":8},"end":{"line":72,"column":8}}]},"5":{"line":81,"type":"if","locations":[{"start":{"line":81,"column":6},"end":{"line":81,"column":6}},{"start":{"line":81,"column":6},"end":{"line":81,"column":6}}]},"6":{"line":106,"type":"if","locations":[{"start":{"line":106,"column":6},"end":{"line":106,"column":6}},{"start":{"line":106,"column":6},"end":{"line":106,"column":6}}]},"7":{"line":111,"type":"if","locations":[{"start":{"line":111,"column":8},"end":{"line":111,"column":8}},{"start":{"line":111,"column":8},"end":{"line":111,"column":8}}]}}},"/home/tdfischer/Projects/ripple/montecarlo/lib/warlock.js":{"path":"/home/tdfischer/Projects/ripple/montecarlo/lib/warlock.js","s":{"1":1,"2":1,"3":1,"4":1,"5":1,"6":1},"b":{},"f":{},"fnMap":{},"statementMap":{"1":{"start":{"line":1,"column":0},"end":{"line":1,"column":35}},"2":{"start":{"line":2,"column":0},"end":{"line":2,"column":31}},"3":{"start":{"line":3,"column":0},"end":{"line":3,"column":44}},"4":{"start":{"line":5,"column":0},"end":{"line":5,"column":29}},"5":{"start":{"line":7,"column":0},"end":{"line":7,"column":31}},"6":{"start":{"line":9,"column":0},"end":{"line":9,"column":25}}},"branchMap":{}},"/home/tdfischer/Projects/ripple/montecarlo/lib/redis.js":{"path":"/home/tdfischer/Projects/ripple/montecarlo/lib/redis.js","s":{"1":1,"2":1,"3":1,"4":1,"5":1,"6":0,"7":1,"8":1,"9":0,"10":1},"b":{"1":[0,1],"2":[0,1]},"f":{},"fnMap":{},"statementMap":{"1":{"start":{"line":1,"column":0},"end":{"line":1,"column":29}},"2":{"start":{"line":2,"column":0},"end":{"line":2,"column":35}},"3":{"start":{"line":3,"column":0},"end":{"line":3,"column":32}},"4":{"start":{"line":5,"column":0},"end":{"line":5,"column":51}},"5":{"start":{"line":7,"column":0},"end":{"line":11,"column":1}},"6":{"start":{"line":8,"column":2},"end":{"line":8,"column":87}},"7":{"start":{"line":10,"column":2},"end":{"line":10,"column":35}},"8":{"start":{"line":13,"column":0},"end":{"line":15,"column":1}},"9":{"start":{"line":14,"column":2},"end":{"line":14,"column":42}},"10":{"start":{"line":17,"column":0},"end":{"line":17,"column":23}}},"branchMap":{"1":{"line":7,"type":"if","locations":[{"start":{"line":7,"column":0},"end":{"line":7,"column":0}},{"start":{"line":7,"column":0},"end":{"line":7,"column":0}}]},"2":{"line":13,"type":"if","locations":[{"start":{"line":13,"column":0},"end":{"line":13,"column":0}},{"start":{"line":13,"column":0},"end":{"line":13,"column":0}}]}}},"/home/tdfischer/Projects/ripple/montecarlo/lib/reviewers/index.js":{"path":"/home/tdfischer/Projects/ripple/montecarlo/lib/reviewers/index.js","s":{"1":1},"b":{},"f":{},"fnMap":{},"statementMap":{"1":{"start":{"line":1,"column":0},"end":{"line":5,"column":1}}},"branchMap":{}},"/home/tdfischer/Projects/ripple/montecarlo/lib/reviewers/lgtm.js":{"path":"/home/tdfischer/Projects/ripple/montecarlo/lib/reviewers/lgtm.js","s":{"1":1,"2":1,"3":1,"4":1,"5":1,"6":21,"7":21,"8":1,"9":3,"10":3,"11":3,"12":7,"13":7,"14":7,"15":7,"16":6,"17":2,"18":4,"19":0,"20":7,"21":1,"22":1,"23":1,"24":1,"25":1,"26":3,"27":3,"28":3,"29":3,"30":2,"31":2,"32":1,"33":1,"34":1,"35":0,"36":0,"37":0,"38":1,"39":1,"40":1,"41":1,"42":1,"43":1,"44":0,"45":0,"46":0,"47":0,"48":0,"49":0,"50":0,"51":0,"52":0,"53":0,"54":0,"55":0,"56":0,"57":0,"58":0,"59":0,"60":0,"61":0,"62":1,"63":1,"64":1,"65":1,"66":1,"67":1,"68":1,"69":1,"70":20,"71":20,"72":45,"73":45,"74":10,"75":4,"76":6,"77":20,"78":3,"79":3,"80":3,"81":3,"82":0,"83":3,"84":6,"85":6,"86":6,"87":6,"88":5,"89":12,"90":5,"91":12,"92":3,"93":5,"94":0,"95":0,"96":5,"97":1},"b":{"1":[2,4],"2":[6,4],"3":[0,4],"4":[4,2],"5":[2,1],"6":[1,0],"7":[0,0],"8":[1,0],"9":[1,0],"10":[1,0],"11":[1,0],"12":[0,0],"13":[0,0],"14":[0,0],"15":[10,35],"16":[4,6],"17":[5,1],"18":[5,7],"19":[12,7],"20":[0,5]},"f":{"1":21,"2":3,"3":3,"4":7,"5":7,"6":6,"7":1,"8":1,"9":3,"10":1,"11":0,"12":1,"13":0,"14":0,"15":1,"16":1,"17":1,"18":1,"19":20,"20":45,"21":3,"22":3,"23":0,"24":6,"25":6,"26":12,"27":3,"28":0},"fnMap":{"1":{"name":"(anonymous_1)","line":6,"loc":{"start":{"line":6,"column":31},"end":{"line":6,"column":65}}},"2":{"name":"(anonymous_2)","line":12,"loc":{"start":{"line":12,"column":10},"end":{"line":12,"column":23}}},"3":{"name":"(anonymous_3)","line":19,"loc":{"start":{"line":19,"column":8},"end":{"line":19,"column":45}}},"4":{"name":"(anonymous_4)","line":30,"loc":{"start":{"line":30,"column":18},"end":{"line":30,"column":37}}},"5":{"name":"(anonymous_5)","line":36,"loc":{"start":{"line":36,"column":12},"end":{"line":36,"column":31}}},"6":{"name":"(anonymous_6)","line":38,"loc":{"start":{"line":38,"column":32},"end":{"line":38,"column":44}}},"7":{"name":"(anonymous_7)","line":49,"loc":{"start":{"line":49,"column":11},"end":{"line":49,"column":34}}},"8":{"name":"(anonymous_8)","line":58,"loc":{"start":{"line":58,"column":12},"end":{"line":58,"column":23}}},"9":{"name":"(anonymous_9)","line":68,"loc":{"start":{"line":68,"column":19},"end":{"line":68,"column":58}}},"10":{"name":"(anonymous_10)","line":80,"loc":{"start":{"line":80,"column":30},"end":{"line":80,"column":42}}},"11":{"name":"(anonymous_11)","line":85,"loc":{"start":{"line":85,"column":37},"end":{"line":85,"column":49}}},"12":{"name":"(anonymous_12)","line":95,"loc":{"start":{"line":95,"column":51},"end":{"line":95,"column":62}}},"13":{"name":"(anonymous_13)","line":127,"loc":{"start":{"line":127,"column":16},"end":{"line":127,"column":27}}},"14":{"name":"(anonymous_14)","line":145,"loc":{"start":{"line":145,"column":30},"end":{"line":145,"column":41}}},"15":{"name":"(anonymous_15)","line":149,"loc":{"start":{"line":149,"column":16},"end":{"line":149,"column":35}}},"16":{"name":"(anonymous_16)","line":151,"loc":{"start":{"line":151,"column":26},"end":{"line":151,"column":38}}},"17":{"name":"(anonymous_17)","line":163,"loc":{"start":{"line":163,"column":22},"end":{"line":163,"column":41}}},"18":{"name":"(anonymous_18)","line":165,"loc":{"start":{"line":165,"column":26},"end":{"line":165,"column":38}}},"19":{"name":"(anonymous_19)","line":177,"loc":{"start":{"line":177,"column":17},"end":{"line":177,"column":32}}},"20":{"name":"(anonymous_20)","line":179,"loc":{"start":{"line":179,"column":32},"end":{"line":179,"column":47}}},"21":{"name":"(anonymous_21)","line":192,"loc":{"start":{"line":192,"column":23},"end":{"line":192,"column":36}}},"22":{"name":"(anonymous_22)","line":198,"loc":{"start":{"line":198,"column":12},"end":{"line":198,"column":28}}},"23":{"name":"(anonymous_23)","line":203,"loc":{"start":{"line":203,"column":45},"end":{"line":203,"column":57}}},"24":{"name":"(anonymous_24)","line":210,"loc":{"start":{"line":210,"column":15},"end":{"line":210,"column":34}}},"25":{"name":"(anonymous_25)","line":218,"loc":{"start":{"line":218,"column":12},"end":{"line":218,"column":31}}},"26":{"name":"(anonymous_26)","line":224,"loc":{"start":{"line":224,"column":25},"end":{"line":224,"column":43}}},"27":{"name":"(anonymous_27)","line":228,"loc":{"start":{"line":228,"column":51},"end":{"line":228,"column":63}}},"28":{"name":"(anonymous_28)","line":233,"loc":{"start":{"line":233,"column":53},"end":{"line":233,"column":65}}}},"statementMap":{"1":{"start":{"line":1,"column":0},"end":{"line":1,"column":36}},"2":{"start":{"line":2,"column":0},"end":{"line":2,"column":40}},"3":{"start":{"line":3,"column":0},"end":{"line":3,"column":35}},"4":{"start":{"line":4,"column":0},"end":{"line":4,"column":39}},"5":{"start":{"line":6,"column":0},"end":{"line":9,"column":1}},"6":{"start":{"line":7,"column":2},"end":{"line":7,"column":27}},"7":{"start":{"line":8,"column":2},"end":{"line":8,"column":33}},"8":{"start":{"line":11,"column":0},"end":{"line":247,"column":2}},"9":{"start":{"line":13,"column":4},"end":{"line":13,"column":20}},"10":{"start":{"line":14,"column":4},"end":{"line":27,"column":39}},"11":{"start":{"line":20,"column":10},"end":{"line":23,"column":11}},"12":{"start":{"line":31,"column":4},"end":{"line":31,"column":20}},"13":{"start":{"line":32,"column":4},"end":{"line":46,"column":7}},"14":{"start":{"line":37,"column":6},"end":{"line":37,"column":20}},"15":{"start":{"line":38,"column":6},"end":{"line":44,"column":9}},"16":{"start":{"line":39,"column":8},"end":{"line":43,"column":9}},"17":{"start":{"line":40,"column":10},"end":{"line":40,"column":21}},"18":{"start":{"line":41,"column":15},"end":{"line":43,"column":9}},"19":{"start":{"line":42,"column":10},"end":{"line":42,"column":21}},"20":{"start":{"line":45,"column":6},"end":{"line":45,"column":16}},"21":{"start":{"line":50,"column":4},"end":{"line":50,"column":20}},"22":{"start":{"line":51,"column":4},"end":{"line":51,"column":46}},"23":{"start":{"line":52,"column":4},"end":{"line":52,"column":54}},"24":{"start":{"line":53,"column":4},"end":{"line":65,"column":7}},"25":{"start":{"line":59,"column":6},"end":{"line":64,"column":9}},"26":{"start":{"line":69,"column":4},"end":{"line":69,"column":20}},"27":{"start":{"line":70,"column":4},"end":{"line":70,"column":32}},"28":{"start":{"line":71,"column":4},"end":{"line":71,"column":23}},"29":{"start":{"line":72,"column":4},"end":{"line":79,"column":5}},"30":{"start":{"line":73,"column":6},"end":{"line":77,"column":20}},"31":{"start":{"line":78,"column":6},"end":{"line":78,"column":66}},"32":{"start":{"line":80,"column":4},"end":{"line":90,"column":7}},"33":{"start":{"line":81,"column":6},"end":{"line":89,"column":7}},"34":{"start":{"line":82,"column":8},"end":{"line":82,"column":31}},"35":{"start":{"line":84,"column":8},"end":{"line":88,"column":9}},"36":{"start":{"line":85,"column":10},"end":{"line":87,"column":13}},"37":{"start":{"line":86,"column":12},"end":{"line":86,"column":30}},"38":{"start":{"line":91,"column":4},"end":{"line":142,"column":5}},"39":{"start":{"line":92,"column":6},"end":{"line":138,"column":7}},"40":{"start":{"line":93,"column":8},"end":{"line":108,"column":9}},"41":{"start":{"line":94,"column":10},"end":{"line":100,"column":11}},"42":{"start":{"line":95,"column":12},"end":{"line":97,"column":15}},"43":{"start":{"line":96,"column":14},"end":{"line":96,"column":74}},"44":{"start":{"line":99,"column":12},"end":{"line":99,"column":77}},"45":{"start":{"line":102,"column":10},"end":{"line":105,"column":25}},"46":{"start":{"line":106,"column":10},"end":{"line":106,"column":75}},"47":{"start":{"line":109,"column":13},"end":{"line":138,"column":7}},"48":{"start":{"line":110,"column":8},"end":{"line":110,"column":77}},"49":{"start":{"line":111,"column":8},"end":{"line":111,"column":81}},"50":{"start":{"line":112,"column":8},"end":{"line":113,"column":28}},"51":{"start":{"line":113,"column":10},"end":{"line":113,"column":28}},"52":{"start":{"line":114,"column":8},"end":{"line":121,"column":10}},"53":{"start":{"line":122,"column":8},"end":{"line":134,"column":11}},"54":{"start":{"line":128,"column":10},"end":{"line":131,"column":12}},"55":{"start":{"line":132,"column":10},"end":{"line":132,"column":147}},"56":{"start":{"line":133,"column":10},"end":{"line":133,"column":49}},"57":{"start":{"line":136,"column":8},"end":{"line":136,"column":144}},"58":{"start":{"line":137,"column":8},"end":{"line":137,"column":71}},"59":{"start":{"line":140,"column":6},"end":{"line":140,"column":48}},"60":{"start":{"line":141,"column":6},"end":{"line":141,"column":68}},"61":{"start":{"line":146,"column":4},"end":{"line":146,"column":109}},"62":{"start":{"line":150,"column":4},"end":{"line":150,"column":20}},"63":{"start":{"line":151,"column":4},"end":{"line":153,"column":7}},"64":{"start":{"line":152,"column":6},"end":{"line":152,"column":44}},"65":{"start":{"line":155,"column":4},"end":{"line":160,"column":7}},"66":{"start":{"line":164,"column":4},"end":{"line":164,"column":20}},"67":{"start":{"line":165,"column":4},"end":{"line":167,"column":7}},"68":{"start":{"line":166,"column":6},"end":{"line":166,"column":44}},"69":{"start":{"line":169,"column":4},"end":{"line":174,"column":7}},"70":{"start":{"line":178,"column":4},"end":{"line":178,"column":15}},"71":{"start":{"line":179,"column":4},"end":{"line":188,"column":7}},"72":{"start":{"line":180,"column":6},"end":{"line":180,"column":40}},"73":{"start":{"line":181,"column":6},"end":{"line":187,"column":7}},"74":{"start":{"line":182,"column":8},"end":{"line":186,"column":9}},"75":{"start":{"line":183,"column":10},"end":{"line":183,"column":34}},"76":{"start":{"line":185,"column":10},"end":{"line":185,"column":21}},"77":{"start":{"line":189,"column":4},"end":{"line":189,"column":13}},"78":{"start":{"line":193,"column":4},"end":{"line":193,"column":20}},"79":{"start":{"line":194,"column":4},"end":{"line":207,"column":7}},"80":{"start":{"line":199,"column":6},"end":{"line":202,"column":8}},"81":{"start":{"line":203,"column":6},"end":{"line":205,"column":9}},"82":{"start":{"line":204,"column":8},"end":{"line":204,"column":64}},"83":{"start":{"line":206,"column":6},"end":{"line":206,"column":22}},"84":{"start":{"line":211,"column":4},"end":{"line":211,"column":20}},"85":{"start":{"line":212,"column":4},"end":{"line":245,"column":7}},"86":{"start":{"line":219,"column":6},"end":{"line":222,"column":8}},"87":{"start":{"line":223,"column":6},"end":{"line":244,"column":7}},"88":{"start":{"line":224,"column":8},"end":{"line":231,"column":11}},"89":{"start":{"line":225,"column":10},"end":{"line":227,"column":11}},"90":{"start":{"line":226,"column":12},"end":{"line":226,"column":40}},"91":{"start":{"line":228,"column":10},"end":{"line":230,"column":13}},"92":{"start":{"line":229,"column":12},"end":{"line":229,"column":70}},"93":{"start":{"line":232,"column":8},"end":{"line":241,"column":9}},"94":{"start":{"line":233,"column":10},"end":{"line":238,"column":13}},"95":{"start":{"line":234,"column":12},"end":{"line":237,"column":13}},"96":{"start":{"line":240,"column":10},"end":{"line":240,"column":26}},"97":{"start":{"line":243,"column":8},"end":{"line":243,"column":24}}},"branchMap":{"1":{"line":39,"type":"if","locations":[{"start":{"line":39,"column":8},"end":{"line":39,"column":8}},{"start":{"line":39,"column":8},"end":{"line":39,"column":8}}]},"2":{"line":39,"type":"binary-expr","locations":[{"start":{"line":39,"column":12},"end":{"line":39,"column":70}},{"start":{"line":39,"column":74},"end":{"line":39,"column":94}}]},"3":{"line":41,"type":"if","locations":[{"start":{"line":41,"column":15},"end":{"line":41,"column":15}},{"start":{"line":41,"column":15},"end":{"line":41,"column":15}}]},"4":{"line":41,"type":"binary-expr","locations":[{"start":{"line":41,"column":19},"end":{"line":41,"column":56}},{"start":{"line":41,"column":60},"end":{"line":41,"column":80}}]},"5":{"line":72,"type":"if","locations":[{"start":{"line":72,"column":4},"end":{"line":72,"column":4}},{"start":{"line":72,"column":4},"end":{"line":72,"column":4}}]},"6":{"line":81,"type":"if","locations":[{"start":{"line":81,"column":6},"end":{"line":81,"column":6}},{"start":{"line":81,"column":6},"end":{"line":81,"column":6}}]},"7":{"line":84,"type":"if","locations":[{"start":{"line":84,"column":8},"end":{"line":84,"column":8}},{"start":{"line":84,"column":8},"end":{"line":84,"column":8}}]},"8":{"line":91,"type":"if","locations":[{"start":{"line":91,"column":4},"end":{"line":91,"column":4}},{"start":{"line":91,"column":4},"end":{"line":91,"column":4}}]},"9":{"line":92,"type":"if","locations":[{"start":{"line":92,"column":6},"end":{"line":92,"column":6}},{"start":{"line":92,"column":6},"end":{"line":92,"column":6}}]},"10":{"line":93,"type":"if","locations":[{"start":{"line":93,"column":8},"end":{"line":93,"column":8}},{"start":{"line":93,"column":8},"end":{"line":93,"column":8}}]},"11":{"line":94,"type":"if","locations":[{"start":{"line":94,"column":10},"end":{"line":94,"column":10}},{"start":{"line":94,"column":10},"end":{"line":94,"column":10}}]},"12":{"line":109,"type":"if","locations":[{"start":{"line":109,"column":13},"end":{"line":109,"column":13}},{"start":{"line":109,"column":13},"end":{"line":109,"column":13}}]},"13":{"line":109,"type":"binary-expr","locations":[{"start":{"line":109,"column":17},"end":{"line":109,"column":38}},{"start":{"line":109,"column":42},"end":{"line":109,"column":47}}]},"14":{"line":112,"type":"if","locations":[{"start":{"line":112,"column":8},"end":{"line":112,"column":8}},{"start":{"line":112,"column":8},"end":{"line":112,"column":8}}]},"15":{"line":181,"type":"if","locations":[{"start":{"line":181,"column":6},"end":{"line":181,"column":6}},{"start":{"line":181,"column":6},"end":{"line":181,"column":6}}]},"16":{"line":182,"type":"if","locations":[{"start":{"line":182,"column":8},"end":{"line":182,"column":8}},{"start":{"line":182,"column":8},"end":{"line":182,"column":8}}]},"17":{"line":223,"type":"if","locations":[{"start":{"line":223,"column":6},"end":{"line":223,"column":6}},{"start":{"line":223,"column":6},"end":{"line":223,"column":6}}]},"18":{"line":225,"type":"if","locations":[{"start":{"line":225,"column":10},"end":{"line":225,"column":10}},{"start":{"line":225,"column":10},"end":{"line":225,"column":10}}]},"19":{"line":225,"type":"binary-expr","locations":[{"start":{"line":225,"column":14},"end":{"line":225,"column":47}},{"start":{"line":225,"column":51},"end":{"line":225,"column":84}}]},"20":{"line":232,"type":"if","locations":[{"start":{"line":232,"column":8},"end":{"line":232,"column":8}},{"start":{"line":232,"column":8},"end":{"line":232,"column":8}}]}}},"/home/tdfischer/Projects/ripple/montecarlo/lib/reviewers/tracker.js":{"path":"/home/tdfischer/Projects/ripple/montecarlo/lib/reviewers/tracker.js","s":{"1":1,"2":1,"3":1,"4":6,"5":6,"6":1,"7":2,"8":2,"9":0,"10":6,"11":6,"12":6,"13":6,"14":6,"15":24,"16":41,"17":41,"18":12,"19":6,"20":0,"21":0,"22":6,"23":2,"24":2,"25":2,"26":2,"27":1,"28":1,"29":1,"30":1,"31":1,"32":2,"33":0,"34":0,"35":0,"36":0,"37":0,"38":0,"39":0,"40":0,"41":0,"42":0,"43":0,"44":0,"45":1,"46":1,"47":1,"48":1,"49":0,"50":0,"51":0,"52":0,"53":0,"54":0,"55":0,"56":0,"57":1},"b":{"1":[6,0],"2":[12,29],"3":[0,6],"4":[1,1],"5":[1,0],"6":[1,1],"7":[0,0],"8":[0,0],"9":[0,1],"10":[1,1],"11":[0,0]},"f":{"1":6,"2":2,"3":6,"4":6,"5":24,"6":41,"7":0,"8":2,"9":2,"10":1,"11":1,"12":0,"13":0,"14":0,"15":0,"16":1,"17":1,"18":0,"19":0,"20":0},"fnMap":{"1":{"name":"TrackerProcessor","line":4,"loc":{"start":{"line":4,"column":0},"end":{"line":4,"column":45}}},"2":{"name":"(anonymous_2)","line":10,"loc":{"start":{"line":10,"column":10},"end":{"line":10,"column":23}}},"3":{"name":"(anonymous_3)","line":18,"loc":{"start":{"line":18,"column":21},"end":{"line":18,"column":40}}},"4":{"name":"(anonymous_4)","line":26,"loc":{"start":{"line":26,"column":12},"end":{"line":26,"column":30}}},"5":{"name":"(anonymous_5)","line":29,"loc":{"start":{"line":29,"column":24},"end":{"line":29,"column":41}}},"6":{"name":"(anonymous_6)","line":30,"loc":{"start":{"line":30,"column":55},"end":{"line":30,"column":70}}},"7":{"name":"(anonymous_7)","line":38,"loc":{"start":{"line":38,"column":52},"end":{"line":38,"column":64}}},"8":{"name":"(anonymous_8)","line":46,"loc":{"start":{"line":46,"column":17},"end":{"line":46,"column":39}}},"9":{"name":"(anonymous_9)","line":49,"loc":{"start":{"line":49,"column":20},"end":{"line":49,"column":32}}},"10":{"name":"(anonymous_10)","line":51,"loc":{"start":{"line":51,"column":42},"end":{"line":51,"column":58}}},"11":{"name":"(anonymous_11)","line":59,"loc":{"start":{"line":59,"column":16},"end":{"line":59,"column":28}}},"12":{"name":"(anonymous_12)","line":66,"loc":{"start":{"line":66,"column":18},"end":{"line":66,"column":29}}},"13":{"name":"(anonymous_13)","line":68,"loc":{"start":{"line":68,"column":47},"end":{"line":68,"column":64}}},"14":{"name":"(anonymous_14)","line":78,"loc":{"start":{"line":78,"column":21},"end":{"line":78,"column":45}}},"15":{"name":"(anonymous_15)","line":81,"loc":{"start":{"line":81,"column":36},"end":{"line":81,"column":52}}},"16":{"name":"(anonymous_16)","line":98,"loc":{"start":{"line":98,"column":22},"end":{"line":98,"column":39}}},"17":{"name":"(anonymous_17)","line":101,"loc":{"start":{"line":101,"column":36},"end":{"line":101,"column":52}}},"18":{"name":"(anonymous_18)","line":109,"loc":{"start":{"line":109,"column":21},"end":{"line":109,"column":38}}},"19":{"name":"(anonymous_19)","line":112,"loc":{"start":{"line":112,"column":36},"end":{"line":112,"column":52}}},"20":{"name":"(anonymous_20)","line":120,"loc":{"start":{"line":120,"column":23},"end":{"line":120,"column":40}}}},"statementMap":{"1":{"start":{"line":1,"column":0},"end":{"line":1,"column":40}},"2":{"start":{"line":2,"column":0},"end":{"line":2,"column":35}},"3":{"start":{"line":4,"column":0},"end":{"line":7,"column":1}},"4":{"start":{"line":5,"column":2},"end":{"line":5,"column":27}},"5":{"start":{"line":6,"column":2},"end":{"line":6,"column":25}},"6":{"start":{"line":9,"column":0},"end":{"line":161,"column":2}},"7":{"start":{"line":11,"column":4},"end":{"line":11,"column":20}},"8":{"start":{"line":12,"column":4},"end":{"line":15,"column":37}},"9":{"start":{"line":16,"column":4},"end":{"line":16,"column":34}},"10":{"start":{"line":19,"column":4},"end":{"line":19,"column":20}},"11":{"start":{"line":20,"column":4},"end":{"line":44,"column":7}},"12":{"start":{"line":27,"column":6},"end":{"line":27,"column":23}},"13":{"start":{"line":28,"column":6},"end":{"line":42,"column":7}},"14":{"start":{"line":29,"column":8},"end":{"line":36,"column":11}},"15":{"start":{"line":30,"column":10},"end":{"line":35,"column":13}},"16":{"start":{"line":31,"column":12},"end":{"line":31,"column":77}},"17":{"start":{"line":32,"column":12},"end":{"line":34,"column":13}},"18":{"start":{"line":33,"column":14},"end":{"line":33,"column":41}},"19":{"start":{"line":37,"column":8},"end":{"line":41,"column":9}},"20":{"start":{"line":38,"column":10},"end":{"line":40,"column":13}},"21":{"start":{"line":39,"column":12},"end":{"line":39,"column":37}},"22":{"start":{"line":43,"column":6},"end":{"line":43,"column":21}},"23":{"start":{"line":47,"column":4},"end":{"line":47,"column":20}},"24":{"start":{"line":48,"column":4},"end":{"line":48,"column":15}},"25":{"start":{"line":49,"column":4},"end":{"line":63,"column":7}},"26":{"start":{"line":50,"column":6},"end":{"line":62,"column":7}},"27":{"start":{"line":51,"column":8},"end":{"line":53,"column":12}},"28":{"start":{"line":52,"column":10},"end":{"line":52,"column":54}},"29":{"start":{"line":54,"column":13},"end":{"line":62,"column":7}},"30":{"start":{"line":55,"column":8},"end":{"line":61,"column":12}},"31":{"start":{"line":60,"column":10},"end":{"line":60,"column":47}},"32":{"start":{"line":64,"column":4},"end":{"line":64,"column":27}},"33":{"start":{"line":67,"column":4},"end":{"line":67,"column":20}},"34":{"start":{"line":68,"column":4},"end":{"line":76,"column":7}},"35":{"start":{"line":69,"column":6},"end":{"line":73,"column":7}},"36":{"start":{"line":70,"column":8},"end":{"line":72,"column":9}},"37":{"start":{"line":71,"column":10},"end":{"line":71,"column":29}},"38":{"start":{"line":75,"column":6},"end":{"line":75,"column":69}},"39":{"start":{"line":79,"column":4},"end":{"line":79,"column":20}},"40":{"start":{"line":80,"column":4},"end":{"line":80,"column":42}},"41":{"start":{"line":81,"column":4},"end":{"line":96,"column":7}},"42":{"start":{"line":82,"column":6},"end":{"line":95,"column":7}},"43":{"start":{"line":83,"column":8},"end":{"line":83,"column":33}},"44":{"start":{"line":84,"column":8},"end":{"line":94,"column":11}},"45":{"start":{"line":99,"column":4},"end":{"line":99,"column":20}},"46":{"start":{"line":100,"column":4},"end":{"line":100,"column":42}},"47":{"start":{"line":101,"column":4},"end":{"line":107,"column":7}},"48":{"start":{"line":102,"column":6},"end":{"line":106,"column":7}},"49":{"start":{"line":103,"column":8},"end":{"line":105,"column":11}},"50":{"start":{"line":110,"column":4},"end":{"line":110,"column":20}},"51":{"start":{"line":111,"column":4},"end":{"line":111,"column":42}},"52":{"start":{"line":112,"column":4},"end":{"line":118,"column":7}},"53":{"start":{"line":113,"column":6},"end":{"line":117,"column":7}},"54":{"start":{"line":114,"column":8},"end":{"line":116,"column":11}},"55":{"start":{"line":121,"column":4},"end":{"line":121,"column":20}},"56":{"start":{"line":122,"column":4},"end":{"line":128,"column":6}},"57":{"start":{"line":163,"column":0},"end":{"line":163,"column":51}}},"branchMap":{"1":{"line":28,"type":"if","locations":[{"start":{"line":28,"column":6},"end":{"line":28,"column":6}},{"start":{"line":28,"column":6},"end":{"line":28,"column":6}}]},"2":{"line":32,"type":"if","locations":[{"start":{"line":32,"column":12},"end":{"line":32,"column":12}},{"start":{"line":32,"column":12},"end":{"line":32,"column":12}}]},"3":{"line":37,"type":"if","locations":[{"start":{"line":37,"column":8},"end":{"line":37,"column":8}},{"start":{"line":37,"column":8},"end":{"line":37,"column":8}}]},"4":{"line":50,"type":"if","locations":[{"start":{"line":50,"column":6},"end":{"line":50,"column":6}},{"start":{"line":50,"column":6},"end":{"line":50,"column":6}}]},"5":{"line":54,"type":"if","locations":[{"start":{"line":54,"column":13},"end":{"line":54,"column":13}},{"start":{"line":54,"column":13},"end":{"line":54,"column":13}}]},"6":{"line":54,"type":"binary-expr","locations":[{"start":{"line":54,"column":17},"end":{"line":54,"column":37}},{"start":{"line":54,"column":41},"end":{"line":54,"column":58}}]},"7":{"line":70,"type":"if","locations":[{"start":{"line":70,"column":8},"end":{"line":70,"column":8}},{"start":{"line":70,"column":8},"end":{"line":70,"column":8}}]},"8":{"line":82,"type":"if","locations":[{"start":{"line":82,"column":6},"end":{"line":82,"column":6}},{"start":{"line":82,"column":6},"end":{"line":82,"column":6}}]},"9":{"line":102,"type":"if","locations":[{"start":{"line":102,"column":6},"end":{"line":102,"column":6}},{"start":{"line":102,"column":6},"end":{"line":102,"column":6}}]},"10":{"line":102,"type":"binary-expr","locations":[{"start":{"line":102,"column":10},"end":{"line":102,"column":42}},{"start":{"line":102,"column":46},"end":{"line":102,"column":77}}]},"11":{"line":113,"type":"if","locations":[{"start":{"line":113,"column":6},"end":{"line":113,"column":6}},{"start":{"line":113,"column":6},"end":{"line":113,"column":6}}]}}},"/home/tdfischer/Projects/ripple/montecarlo/lib/reviewers/webui-state.js":{"path":"/home/tdfischer/Projects/ripple/montecarlo/lib/reviewers/webui-state.js","s":{"1":1,"2":1,"3":1,"4":0,"5":1,"6":0,"7":0,"8":0,"9":0,"10":0},"b":{},"f":{"1":0,"2":0,"3":0,"4":0,"5":0},"fnMap":{"1":{"name":"(anonymous_1)","line":4,"loc":{"start":{"line":4,"column":37},"end":{"line":4,"column":56}}},"2":{"name":"(anonymous_2)","line":9,"loc":{"start":{"line":9,"column":10},"end":{"line":9,"column":23}}},"3":{"name":"(anonymous_3)","line":23,"loc":{"start":{"line":23,"column":12},"end":{"line":23,"column":23}}},"4":{"name":"(anonymous_4)","line":25,"loc":{"start":{"line":25,"column":13},"end":{"line":25,"column":24}}},"5":{"name":"(anonymous_5)","line":26,"loc":{"start":{"line":26,"column":15},"end":{"line":26,"column":26}}}},"statementMap":{"1":{"start":{"line":1,"column":0},"end":{"line":1,"column":31}},"2":{"start":{"line":2,"column":0},"end":{"line":2,"column":35}},"3":{"start":{"line":4,"column":0},"end":{"line":6,"column":1}},"4":{"start":{"line":5,"column":2},"end":{"line":5,"column":27}},"5":{"start":{"line":8,"column":0},"end":{"line":30,"column":2}},"6":{"start":{"line":10,"column":4},"end":{"line":10,"column":20}},"7":{"start":{"line":11,"column":4},"end":{"line":18,"column":6}},"8":{"start":{"line":19,"column":4},"end":{"line":28,"column":7}},"9":{"start":{"line":24,"column":6},"end":{"line":24,"column":30}},"10":{"start":{"line":27,"column":6},"end":{"line":27,"column":47}}},"branchMap":{}},"/home/tdfischer/Projects/ripple/montecarlo/lib/review-queue.js":{"path":"/home/tdfischer/Projects/ripple/montecarlo/lib/review-queue.js","s":{"1":1,"2":1,"3":1,"4":1,"5":1,"6":2,"7":2,"8":2,"9":2,"10":2,"11":2,"12":2,"13":1,"14":1,"15":1,"16":1,"17":1,"18":1,"19":1,"20":1,"21":1,"22":0,"23":4,"24":4,"25":4,"26":1,"27":1,"28":1,"29":1,"30":1,"31":1,"32":1,"33":0,"34":0,"35":0,"36":0,"37":0,"38":1,"39":1,"40":1,"41":0,"42":0},"b":{"1":[1,0],"2":[0,1]},"f":{"1":2,"2":1,"3":1,"4":1,"5":4,"6":1,"7":1,"8":1,"9":1,"10":0,"11":0,"12":1,"13":0},"fnMap":{"1":{"name":"(anonymous_1)","line":6,"loc":{"start":{"line":6,"column":34},"end":{"line":6,"column":65}}},"2":{"name":"(anonymous_2)","line":17,"loc":{"start":{"line":17,"column":22},"end":{"line":17,"column":51}}},"3":{"name":"(anonymous_3)","line":23,"loc":{"start":{"line":23,"column":32},"end":{"line":23,"column":58}}},"4":{"name":"(anonymous_4)","line":28,"loc":{"start":{"line":28,"column":14},"end":{"line":28,"column":28}}},"5":{"name":"(anonymous_5)","line":37,"loc":{"start":{"line":37,"column":22},"end":{"line":37,"column":34}}},"6":{"name":"(anonymous_6)","line":42,"loc":{"start":{"line":42,"column":26},"end":{"line":42,"column":37}}},"7":{"name":"(anonymous_7)","line":44,"loc":{"start":{"line":44,"column":32},"end":{"line":44,"column":58}}},"8":{"name":"(anonymous_8)","line":45,"loc":{"start":{"line":45,"column":42},"end":{"line":45,"column":62}}},"9":{"name":"(anonymous_9)","line":47,"loc":{"start":{"line":47,"column":37},"end":{"line":47,"column":49}}},"10":{"name":"(anonymous_10)","line":51,"loc":{"start":{"line":51,"column":41},"end":{"line":51,"column":53}}},"11":{"name":"(anonymous_11)","line":54,"loc":{"start":{"line":54,"column":19},"end":{"line":54,"column":31}}},"12":{"name":"(anonymous_12)","line":59,"loc":{"start":{"line":59,"column":51},"end":{"line":59,"column":63}}},"13":{"name":"(anonymous_13)","line":62,"loc":{"start":{"line":62,"column":19},"end":{"line":62,"column":31}}}},"statementMap":{"1":{"start":{"line":1,"column":0},"end":{"line":1,"column":35}},"2":{"start":{"line":2,"column":0},"end":{"line":2,"column":37}},"3":{"start":{"line":3,"column":0},"end":{"line":3,"column":39}},"4":{"start":{"line":4,"column":0},"end":{"line":4,"column":35}},"5":{"start":{"line":6,"column":0},"end":{"line":14,"column":1}},"6":{"start":{"line":7,"column":2},"end":{"line":7,"column":29}},"7":{"start":{"line":8,"column":2},"end":{"line":8,"column":30}},"8":{"start":{"line":9,"column":2},"end":{"line":9,"column":29}},"9":{"start":{"line":10,"column":2},"end":{"line":10,"column":21}},"10":{"start":{"line":11,"column":2},"end":{"line":11,"column":23}},"11":{"start":{"line":12,"column":2},"end":{"line":12,"column":28}},"12":{"start":{"line":13,"column":2},"end":{"line":13,"column":21}},"13":{"start":{"line":16,"column":0},"end":{"line":70,"column":1}},"14":{"start":{"line":18,"column":4},"end":{"line":18,"column":32}},"15":{"start":{"line":19,"column":4},"end":{"line":19,"column":30}},"16":{"start":{"line":20,"column":4},"end":{"line":20,"column":30}},"17":{"start":{"line":22,"column":4},"end":{"line":22,"column":20}},"18":{"start":{"line":23,"column":4},"end":{"line":35,"column":7}},"19":{"start":{"line":24,"column":6},"end":{"line":34,"column":9}},"20":{"start":{"line":29,"column":8},"end":{"line":33,"column":9}},"21":{"start":{"line":30,"column":10},"end":{"line":30,"column":20}},"22":{"start":{"line":32,"column":10},"end":{"line":32,"column":22}},"23":{"start":{"line":38,"column":4},"end":{"line":38,"column":29}},"24":{"start":{"line":39,"column":4},"end":{"line":39,"column":20}},"25":{"start":{"line":40,"column":4},"end":{"line":40,"column":33}},"26":{"start":{"line":43,"column":4},"end":{"line":43,"column":20}},"27":{"start":{"line":44,"column":4},"end":{"line":68,"column":7}},"28":{"start":{"line":45,"column":6},"end":{"line":67,"column":9}},"29":{"start":{"line":46,"column":8},"end":{"line":46,"column":104}},"30":{"start":{"line":47,"column":8},"end":{"line":49,"column":11}},"31":{"start":{"line":48,"column":10},"end":{"line":48,"column":31}},"32":{"start":{"line":50,"column":8},"end":{"line":66,"column":9}},"33":{"start":{"line":51,"column":10},"end":{"line":57,"column":13}},"34":{"start":{"line":52,"column":12},"end":{"line":52,"column":23}},"35":{"start":{"line":53,"column":12},"end":{"line":53,"column":20}},"36":{"start":{"line":55,"column":12},"end":{"line":55,"column":22}},"37":{"start":{"line":56,"column":12},"end":{"line":56,"column":20}},"38":{"start":{"line":59,"column":10},"end":{"line":65,"column":13}},"39":{"start":{"line":60,"column":12},"end":{"line":60,"column":23}},"40":{"start":{"line":61,"column":12},"end":{"line":61,"column":20}},"41":{"start":{"line":63,"column":12},"end":{"line":63,"column":22}},"42":{"start":{"line":64,"column":12},"end":{"line":64,"column":20}}},"branchMap":{"1":{"line":29,"type":"if","locations":[{"start":{"line":29,"column":8},"end":{"line":29,"column":8}},{"start":{"line":29,"column":8},"end":{"line":29,"column":8}}]},"2":{"line":50,"type":"if","locations":[{"start":{"line":50,"column":8},"end":{"line":50,"column":8}},{"start":{"line":50,"column":8},"end":{"line":50,"column":8}}]}}},"/home/tdfischer/Projects/ripple/montecarlo/lib/tracker.js":{"path":"/home/tdfischer/Projects/ripple/montecarlo/lib/tracker.js","s":{"1":1,"2":1,"3":1,"4":1,"5":1,"6":1,"7":1,"8":1,"9":1,"10":1},"b":{},"f":{},"fnMap":{},"statementMap":{"1":{"start":{"line":1,"column":0},"end":{"line":1,"column":35}},"2":{"start":{"line":2,"column":0},"end":{"line":2,"column":40}},"3":{"start":{"line":3,"column":0},"end":{"line":3,"column":32}},"4":{"start":{"line":5,"column":0},"end":{"line":5,"column":87}},"5":{"start":{"line":6,"column":0},"end":{"line":6,"column":85}},"6":{"start":{"line":7,"column":0},"end":{"line":7,"column":87}},"7":{"start":{"line":8,"column":0},"end":{"line":8,"column":85}},"8":{"start":{"line":9,"column":0},"end":{"line":9,"column":89}},"9":{"start":{"line":10,"column":0},"end":{"line":10,"column":89}},"10":{"start":{"line":12,"column":0},"end":{"line":12,"column":64}}},"branchMap":{}},"/home/tdfischer/Projects/ripple/montecarlo/lib/kue.js":{"path":"/home/tdfischer/Projects/ripple/montecarlo/lib/kue.js","s":{"1":1,"2":1,"3":1,"4":1},"b":{},"f":{},"fnMap":{},"statementMap":{"1":{"start":{"line":1,"column":0},"end":{"line":1,"column":32}},"2":{"start":{"line":2,"column":0},"end":{"line":2,"column":25}},"3":{"start":{"line":4,"column":0},"end":{"line":7,"column":3}},"4":{"start":{"line":9,"column":0},"end":{"line":9,"column":21}}},"branchMap":{}},"/home/tdfischer/Projects/ripple/montecarlo/lib/github.js":{"path":"/home/tdfischer/Projects/ripple/montecarlo/lib/github.js","s":{"1":1,"2":1,"3":1,"4":1,"5":1,"6":0,"7":1,"8":1,"9":1,"10":1,"11":1,"12":1,"13":1,"14":1},"b":{"1":[0,1]},"f":{},"fnMap":{},"statementMap":{"1":{"start":{"line":1,"column":0},"end":{"line":1,"column":32}},"2":{"start":{"line":2,"column":0},"end":{"line":2,"column":34}},"3":{"start":{"line":3,"column":0},"end":{"line":3,"column":35}},"4":{"start":{"line":5,"column":0},"end":{"line":8,"column":3}},"5":{"start":{"line":10,"column":0},"end":{"line":15,"column":1}},"6":{"start":{"line":11,"column":2},"end":{"line":14,"column":5}},"7":{"start":{"line":17,"column":0},"end":{"line":17,"column":36}},"8":{"start":{"line":18,"column":0},"end":{"line":18,"column":35}},"9":{"start":{"line":19,"column":0},"end":{"line":19,"column":43}},"10":{"start":{"line":20,"column":0},"end":{"line":20,"column":37}},"11":{"start":{"line":21,"column":0},"end":{"line":21,"column":39}},"12":{"start":{"line":22,"column":0},"end":{"line":22,"column":35}},"13":{"start":{"line":23,"column":0},"end":{"line":23,"column":35}},"14":{"start":{"line":25,"column":0},"end":{"line":25,"column":24}}},"branchMap":{"1":{"line":10,"type":"if","locations":[{"start":{"line":10,"column":0},"end":{"line":10,"column":0}},{"start":{"line":10,"column":0},"end":{"line":10,"column":0}}]}}},"/home/tdfischer/Projects/ripple/montecarlo/lib/travis.js":{"path":"/home/tdfischer/Projects/ripple/montecarlo/lib/travis.js","s":{"1":1,"2":1,"3":1},"b":{},"f":{},"fnMap":{},"statementMap":{"1":{"start":{"line":1,"column":0},"end":{"line":1,"column":34}},"2":{"start":{"line":3,"column":0},"end":{"line":5,"column":3}},"3":{"start":{"line":7,"column":0},"end":{"line":7,"column":24}}},"branchMap":{}},"/home/tdfischer/Projects/ripple/montecarlo/lib/repolist.js":{"path":"/home/tdfischer/Projects/ripple/montecarlo/lib/repolist.js","s":{"1":1,"2":1,"3":1,"4":1,"5":1,"6":1,"7":1,"8":3,"9":3,"10":3,"11":3,"12":0,"13":0,"14":3,"15":3,"16":3,"17":0,"18":0,"19":3,"20":1,"21":1,"22":0,"23":0,"24":0,"25":0,"26":0,"27":0,"28":0,"29":0,"30":0},"b":{"1":[0,0],"2":[0,0],"3":[0,0]},"f":{"1":1,"2":3,"3":3,"4":0,"5":3,"6":0,"7":0,"8":1,"9":0,"10":0,"11":0},"fnMap":{"1":{"name":"(anonymous_1)","line":5,"loc":{"start":{"line":5,"column":17},"end":{"line":5,"column":34}}},"2":{"name":"(anonymous_2)","line":11,"loc":{"start":{"line":11,"column":12},"end":{"line":11,"column":23}}},"3":{"name":"(anonymous_3)","line":13,"loc":{"start":{"line":13,"column":51},"end":{"line":13,"column":67}}},"4":{"name":"(anonymous_4)","line":15,"loc":{"start":{"line":15,"column":20},"end":{"line":15,"column":35}}},"5":{"name":"(anonymous_5)","line":25,"loc":{"start":{"line":25,"column":12},"end":{"line":25,"column":31}}},"6":{"name":"(anonymous_6)","line":27,"loc":{"start":{"line":27,"column":23},"end":{"line":27,"column":37}}},"7":{"name":"(anonymous_7)","line":28,"loc":{"start":{"line":28,"column":20},"end":{"line":28,"column":35}}},"8":{"name":"(anonymous_8)","line":35,"loc":{"start":{"line":35,"column":15},"end":{"line":35,"column":26}}},"9":{"name":"(anonymous_9)","line":37,"loc":{"start":{"line":37,"column":32},"end":{"line":37,"column":47}}},"10":{"name":"(anonymous_10)","line":41,"loc":{"start":{"line":41,"column":14},"end":{"line":41,"column":30}}},"11":{"name":"(anonymous_11)","line":43,"loc":{"start":{"line":43,"column":22},"end":{"line":43,"column":37}}}},"statementMap":{"1":{"start":{"line":1,"column":0},"end":{"line":1,"column":35}},"2":{"start":{"line":2,"column":0},"end":{"line":2,"column":35}},"3":{"start":{"line":3,"column":0},"end":{"line":3,"column":35}},"4":{"start":{"line":5,"column":0},"end":{"line":8,"column":1}},"5":{"start":{"line":6,"column":2},"end":{"line":6,"column":30}},"6":{"start":{"line":7,"column":2},"end":{"line":7,"column":23}},"7":{"start":{"line":10,"column":0},"end":{"line":67,"column":1}},"8":{"start":{"line":12,"column":4},"end":{"line":12,"column":20}},"9":{"start":{"line":13,"column":4},"end":{"line":33,"column":7}},"10":{"start":{"line":14,"column":6},"end":{"line":14,"column":17}},"11":{"start":{"line":15,"column":6},"end":{"line":23,"column":9}},"12":{"start":{"line":16,"column":8},"end":{"line":18,"column":23}},"13":{"start":{"line":19,"column":8},"end":{"line":22,"column":12}},"14":{"start":{"line":24,"column":6},"end":{"line":24,"column":29}},"15":{"start":{"line":26,"column":6},"end":{"line":26,"column":17}},"16":{"start":{"line":27,"column":6},"end":{"line":31,"column":9}},"17":{"start":{"line":28,"column":8},"end":{"line":30,"column":11}},"18":{"start":{"line":29,"column":10},"end":{"line":29,"column":23}},"19":{"start":{"line":32,"column":6},"end":{"line":32,"column":15}},"20":{"start":{"line":36,"column":4},"end":{"line":36,"column":20}},"21":{"start":{"line":37,"column":4},"end":{"line":65,"column":7}},"22":{"start":{"line":38,"column":6},"end":{"line":64,"column":9}},"23":{"start":{"line":42,"column":8},"end":{"line":42,"column":27}},"24":{"start":{"line":43,"column":8},"end":{"line":49,"column":11}},"25":{"start":{"line":44,"column":10},"end":{"line":48,"column":11}},"26":{"start":{"line":45,"column":12},"end":{"line":47,"column":13}},"27":{"start":{"line":46,"column":14},"end":{"line":46,"column":28}},"28":{"start":{"line":50,"column":8},"end":{"line":63,"column":9}},"29":{"start":{"line":51,"column":10},"end":{"line":51,"column":78}},"30":{"start":{"line":52,"column":10},"end":{"line":62,"column":13}}},"branchMap":{"1":{"line":44,"type":"if","locations":[{"start":{"line":44,"column":10},"end":{"line":44,"column":10}},{"start":{"line":44,"column":10},"end":{"line":44,"column":10}}]},"2":{"line":45,"type":"if","locations":[{"start":{"line":45,"column":12},"end":{"line":45,"column":12}},{"start":{"line":45,"column":12},"end":{"line":45,"column":12}}]},"3":{"line":50,"type":"if","locations":[{"start":{"line":50,"column":8},"end":{"line":50,"column":8}},{"start":{"line":50,"column":8},"end":{"line":50,"column":8}}]}}},"/home/tdfischer/Projects/ripple/montecarlo/lib/health.js":{"path":"/home/tdfischer/Projects/ripple/montecarlo/lib/health.js","s":{"1":1,"2":1,"3":1,"4":1,"5":1,"6":1,"7":1,"8":1,"9":1,"10":1,"11":1,"12":1,"13":1,"14":0,"15":0,"16":0,"17":1,"18":1},"b":{"1":[1,0]},"f":{"1":1,"2":1,"3":1,"4":0,"5":0,"6":0,"7":1},"fnMap":{"1":{"name":"(anonymous_1)","line":4,"loc":{"start":{"line":4,"column":17},"end":{"line":4,"column":46}}},"2":{"name":"(anonymous_2)","line":10,"loc":{"start":{"line":10,"column":19},"end":{"line":10,"column":36}}},"3":{"name":"(anonymous_3)","line":14,"loc":{"start":{"line":14,"column":38},"end":{"line":14,"column":54}}},"4":{"name":"(anonymous_4)","line":17,"loc":{"start":{"line":17,"column":20},"end":{"line":17,"column":35}}},"5":{"name":"(anonymous_5)","line":23,"loc":{"start":{"line":23,"column":16},"end":{"line":23,"column":33}}},"6":{"name":"(anonymous_6)","line":24,"loc":{"start":{"line":24,"column":25},"end":{"line":24,"column":41}}},"7":{"name":"(anonymous_7)","line":36,"loc":{"start":{"line":36,"column":34},"end":{"line":36,"column":45}}}},"statementMap":{"1":{"start":{"line":1,"column":0},"end":{"line":1,"column":35}},"2":{"start":{"line":2,"column":0},"end":{"line":2,"column":35}},"3":{"start":{"line":4,"column":0},"end":{"line":7,"column":1}},"4":{"start":{"line":5,"column":2},"end":{"line":5,"column":27}},"5":{"start":{"line":6,"column":2},"end":{"line":6,"column":24}},"6":{"start":{"line":9,"column":0},"end":{"line":41,"column":1}},"7":{"start":{"line":11,"column":4},"end":{"line":11,"column":32}},"8":{"start":{"line":12,"column":4},"end":{"line":12,"column":20}},"9":{"start":{"line":13,"column":4},"end":{"line":13,"column":28}},"10":{"start":{"line":14,"column":4},"end":{"line":39,"column":7}},"11":{"start":{"line":15,"column":6},"end":{"line":15,"column":25}},"12":{"start":{"line":16,"column":6},"end":{"line":16,"column":17}},"13":{"start":{"line":17,"column":6},"end":{"line":35,"column":9}},"14":{"start":{"line":18,"column":8},"end":{"line":34,"column":12}},"15":{"start":{"line":24,"column":10},"end":{"line":33,"column":13}},"16":{"start":{"line":25,"column":12},"end":{"line":32,"column":15}},"17":{"start":{"line":36,"column":6},"end":{"line":38,"column":9}},"18":{"start":{"line":37,"column":8},"end":{"line":37,"column":25}}},"branchMap":{"1":{"line":13,"type":"binary-expr","locations":[{"start":{"line":13,"column":16},"end":{"line":13,"column":22}},{"start":{"line":13,"column":26},"end":{"line":13,"column":27}}]}}},"/home/tdfischer/Projects/ripple/montecarlo/lib/slack.js":{"path":"/home/tdfischer/Projects/ripple/montecarlo/lib/slack.js","s":{"1":1,"2":1,"3":0,"4":1,"5":1},"b":{"1":[0,1]},"f":{"1":1},"fnMap":{"1":{"name":"do_snack_request","line":1,"loc":{"start":{"line":1,"column":-15},"end":{"line":1,"column":35}}}},"statementMap":{"1":{"start":{"line":1,"column":-15},"end":{"line":7,"column":1}},"2":{"start":{"line":2,"column":2},"end":{"line":6,"column":3}},"3":{"start":{"line":3,"column":4},"end":{"line":3,"column":38}},"4":{"start":{"line":5,"column":4},"end":{"line":5,"column":28}},"5":{"start":{"line":9,"column":0},"end":{"line":11,"column":2}}},"branchMap":{"1":{"line":2,"type":"if","locations":[{"start":{"line":2,"column":2},"end":{"line":2,"column":2}},{"start":{"line":2,"column":2},"end":{"line":2,"column":2}}]}}}}