TN:
SF:/home/tdfischer/Projects/ripple/montecarlo/lib/circleci.js
FNF:0
FNH:0
DA:1,1
DA:2,1
DA:4,1
DA:8,1
LF:4
LH:4
BRF:0
BRH:0
end_of_record
TN:
SF:/home/tdfischer/Projects/ripple/montecarlo/lib/config.js
FNF:0
FNH:0
DA:1,1
DA:2,1
DA:3,1
DA:4,1
DA:6,1
DA:8,1
DA:9,1
DA:10,1
DA:27,1
DA:28,0
DA:31,1
DA:32,0
DA:33,0
DA:34,0
DA:35,0
DA:36,0
DA:37,0
DA:38,0
DA:41,1
DA:42,1
DA:45,1
LF:21
LH:13
BRDA:27,1,0,0
BRDA:27,1,1,1
BRDA:31,2,0,0
BRDA:31,2,1,1
BRDA:41,3,0,1
BRDA:41,3,1,0
BRF:6
BRH:3
end_of_record
TN:
SF:/home/tdfischer/Projects/ripple/montecarlo/app.js
FN:26,(anonymous_1)
FN:29,(anonymous_2)
FN:32,(anonymous_3)
FN:41,(anonymous_4)
FN:42,(anonymous_5)
FN:47,(anonymous_6)
FN:48,(anonymous_7)
FN:50,(anonymous_8)
FN:54,(anonymous_9)
FN:59,(anonymous_10)
FN:61,(anonymous_11)
FN:63,(anonymous_12)
FN:71,(anonymous_13)
FN:76,(anonymous_14)
FN:84,(anonymous_15)
FN:106,(anonymous_16)
FN:158,(anonymous_17)
FN:159,(anonymous_18)
FN:161,(anonymous_19)
FN:162,(anonymous_20)
FNF:20
FNH:7
FNDA:0,(anonymous_1)
FNDA:0,(anonymous_2)
FNDA:0,(anonymous_3)
FNDA:0,(anonymous_4)
FNDA:0,(anonymous_5)
FNDA:0,(anonymous_6)
FNDA:0,(anonymous_7)
FNDA:0,(anonymous_8)
FNDA:0,(anonymous_9)
FNDA:1,(anonymous_10)
FNDA:1,(anonymous_11)
FNDA:0,(anonymous_12)
FNDA:1,(anonymous_13)
FNDA:0,(anonymous_14)
FNDA:0,(anonymous_15)
FNDA:1,(anonymous_16)
FNDA:1,(anonymous_17)
FNDA:1,(anonymous_18)
FNDA:1,(anonymous_19)
FNDA:0,(anonymous_20)
DA:1,1
DA:2,1
DA:3,1
DA:4,1
DA:5,1
DA:6,1
DA:7,1
DA:8,1
DA:9,1
DA:10,1
DA:11,1
DA:12,1
DA:13,1
DA:14,1
DA:15,1
DA:16,1
DA:18,1
DA:19,1
DA:21,1
DA:22,1
DA:24,1
DA:25,1
DA:26,1
DA:27,0
DA:29,1
DA:30,0
DA:32,1
DA:33,0
DA:36,1
DA:37,1
DA:38,1
DA:39,1
DA:41,1
DA:42,0
DA:43,0
DA:47,1
DA:48,0
DA:49,0
DA:50,0
DA:51,0
DA:53,0
DA:55,0
DA:59,1
DA:60,1
DA:62,1
DA:63,1
DA:64,0
DA:66,1
DA:72,1
DA:73,1
DA:74,1
DA:75,1
DA:76,1
DA:77,0
DA:78,0
DA:80,0
DA:83,1
DA:84,1
DA:85,0
DA:86,0
DA:87,0
DA:88,0
DA:89,0
DA:90,0
DA:91,0
DA:95,1
DA:106,1
DA:107,1
DA:108,1
DA:109,1
DA:110,0
DA:113,0
DA:118,0
DA:119,1
DA:120,0
DA:124,0
DA:129,0
DA:130,1
DA:131,0
DA:132,0
DA:136,0
DA:142,0
DA:143,1
DA:144,0
DA:147,0
DA:152,0
DA:154,1
DA:158,1
DA:159,1
DA:160,1
DA:162,1
DA:163,0
DA:166,0
DA:168,1
DA:172,1
LF:95
LH:58
BRDA:36,1,0,1
BRDA:36,1,1,1
BRDA:77,2,0,0
BRDA:77,2,1,0
BRDA:85,3,0,0
BRDA:85,3,1,0
BRDA:86,4,0,0
BRDA:86,4,1,0
BRDA:88,5,0,0
BRDA:88,5,1,0
BRDA:90,6,0,0
BRDA:90,6,1,0
BRDA:109,7,0,0
BRDA:109,7,1,1
BRDA:119,8,0,0
BRDA:119,8,1,1
BRDA:130,9,0,0
BRDA:130,9,1,1
BRDA:131,10,0,0
BRDA:131,10,1,0
BRDA:131,11,0,0
BRDA:131,11,1,0
BRDA:131,11,2,0
BRDA:143,12,0,0
BRDA:143,12,1,1
BRF:25
BRH:6
end_of_record
TN:
SF:/home/tdfischer/Projects/ripple/montecarlo/lib/winston.js
FNF:0
FNH:0
DA:1,1
DA:3,1
LF:2
LH:2
BRF:0
BRH:0
end_of_record
TN:
SF:/home/tdfischer/Projects/ripple/montecarlo/lib/reviewer.js
FN:7,(anonymous_1)
FN:21,(anonymous_2)
FN:25,(anonymous_3)
FN:36,(anonymous_4)
FN:41,(anonymous_5)
FN:44,(anonymous_6)
FN:48,(anonymous_7)
FN:57,(anonymous_8)
FN:61,(anonymous_9)
FN:65,(anonymous_10)
FN:71,(anonymous_11)
FN:77,(anonymous_12)
FN:80,(anonymous_13)
FN:84,(anonymous_14)
FN:93,(anonymous_15)
FN:104,(anonymous_16)
FN:108,(anonymous_17)
FNF:17
FNH:17
FNDA:33,(anonymous_1)
FNDA:103,(anonymous_2)
FNDA:103,(anonymous_3)
FNDA:1,(anonymous_4)
FNDA:1,(anonymous_5)
FNDA:1,(anonymous_6)
FNDA:17,(anonymous_7)
FNDA:2,(anonymous_8)
FNDA:40,(anonymous_9)
FNDA:40,(anonymous_10)
FNDA:40,(anonymous_11)
FNDA:40,(anonymous_12)
FNDA:40,(anonymous_13)
FNDA:40,(anonymous_14)
FNDA:1,(anonymous_15)
FNDA:1,(anonymous_16)
FNDA:39,(anonymous_17)
DA:1,1
DA:2,1
DA:3,1
DA:4,1
DA:5,1
DA:7,1
DA:8,33
DA:9,33
DA:10,33
DA:11,33
DA:13,33
DA:14,33
DA:15,33
DA:16,33
DA:17,33
DA:20,1
DA:22,103
DA:23,103
DA:24,103
DA:25,103
DA:26,103
DA:27,102
DA:28,102
DA:30,1
DA:31,1
DA:32,1
DA:37,1
DA:38,1
DA:39,1
DA:42,1
DA:43,1
DA:44,1
DA:45,1
DA:49,17
DA:50,17
DA:51,17
DA:58,2
DA:59,2
DA:62,40
DA:63,40
DA:64,40
DA:66,40
DA:67,40
DA:69,0
DA:72,40
DA:73,0
DA:78,40
DA:79,40
DA:80,40
DA:81,40
DA:82,40
DA:83,40
DA:84,40
DA:85,40
DA:87,40
DA:89,0
DA:94,1
DA:95,1
DA:96,1
DA:97,1
DA:98,1
DA:105,1
DA:106,1
DA:107,1
DA:108,1
DA:109,39
DA:111,1
DA:112,0
DA:114,1
LF:69
LH:65
BRDA:26,1,0,102
BRDA:26,1,1,1
BRDA:38,2,0,1
BRDA:38,2,1,0
BRDA:66,3,0,40
BRDA:66,3,1,0
BRDA:72,4,0,0
BRDA:72,4,1,40
BRDA:81,5,0,40
BRDA:81,5,1,0
BRDA:106,6,0,1
BRDA:106,6,1,0
BRDA:111,7,0,0
BRDA:111,7,1,1
BRF:14
BRH:8
end_of_record
TN:
SF:/home/tdfischer/Projects/ripple/montecarlo/lib/warlock.js
FNF:0
FNH:0
DA:1,1
DA:2,1
DA:3,1
DA:5,1
DA:7,1
DA:9,1
LF:6
LH:6
BRF:0
BRH:0
end_of_record
TN:
SF:/home/tdfischer/Projects/ripple/montecarlo/lib/redis.js
FNF:0
FNH:0
DA:1,1
DA:2,1
DA:3,1
DA:5,1
DA:7,1
DA:8,0
DA:10,1
DA:13,1
DA:14,0
DA:17,1
LF:10
LH:8
BRDA:7,1,0,0
BRDA:7,1,1,1
BRDA:13,2,0,0
BRDA:13,2,1,1
BRF:4
BRH:2
end_of_record
TN:
SF:/home/tdfischer/Projects/ripple/montecarlo/lib/reviewers/index.js
FNF:0
FNH:0
DA:1,1
LF:1
LH:1
BRF:0
BRH:0
end_of_record
TN:
SF:/home/tdfischer/Projects/ripple/montecarlo/lib/reviewers/lgtm.js
FN:6,(anonymous_1)
FN:12,(anonymous_2)
FN:19,(anonymous_3)
FN:30,(anonymous_4)
FN:36,(anonymous_5)
FN:38,(anonymous_6)
FN:49,(anonymous_7)
FN:58,(anonymous_8)
FN:68,(anonymous_9)
FN:80,(anonymous_10)
FN:85,(anonymous_11)
FN:95,(anonymous_12)
FN:127,(anonymous_13)
FN:145,(anonymous_14)
FN:149,(anonymous_15)
FN:151,(anonymous_16)
FN:163,(anonymous_17)
FN:165,(anonymous_18)
FN:177,(anonymous_19)
FN:179,(anonymous_20)
FN:192,(anonymous_21)
FN:198,(anonymous_22)
FN:203,(anonymous_23)
FN:210,(anonymous_24)
FN:218,(anonymous_25)
FN:224,(anonymous_26)
FN:228,(anonymous_27)
FN:233,(anonymous_28)
FNF:28
FNH:23
FNDA:21,(anonymous_1)
FNDA:3,(anonymous_2)
FNDA:3,(anonymous_3)
FNDA:7,(anonymous_4)
FNDA:7,(anonymous_5)
FNDA:6,(anonymous_6)
FNDA:1,(anonymous_7)
FNDA:1,(anonymous_8)
FNDA:3,(anonymous_9)
FNDA:1,(anonymous_10)
FNDA:0,(anonymous_11)
FNDA:1,(anonymous_12)
FNDA:0,(anonymous_13)
FNDA:0,(anonymous_14)
FNDA:1,(anonymous_15)
FNDA:1,(anonymous_16)
FNDA:1,(anonymous_17)
FNDA:1,(anonymous_18)
FNDA:20,(anonymous_19)
FNDA:45,(anonymous_20)
FNDA:3,(anonymous_21)
FNDA:3,(anonymous_22)
FNDA:0,(anonymous_23)
FNDA:6,(anonymous_24)
FNDA:6,(anonymous_25)
FNDA:12,(anonymous_26)
FNDA:3,(anonymous_27)
FNDA:0,(anonymous_28)
DA:1,1
DA:2,1
DA:3,1
DA:4,1
DA:6,1
DA:7,21
DA:8,21
DA:11,1
DA:13,3
DA:14,3
DA:20,3
DA:31,7
DA:32,7
DA:37,7
DA:38,7
DA:39,6
DA:40,2
DA:41,4
DA:42,0
DA:45,7
DA:50,1
DA:51,1
DA:52,1
DA:53,1
DA:59,1
DA:69,3
DA:70,3
DA:71,3
DA:72,3
DA:73,2
DA:78,2
DA:80,1
DA:81,1
DA:82,1
DA:84,0
DA:85,0
DA:86,0
DA:91,1
DA:92,1
DA:93,1
DA:94,1
DA:95,1
DA:96,1
DA:99,0
DA:102,0
DA:106,0
DA:109,0
DA:110,0
DA:111,0
DA:112,0
DA:113,0
DA:114,0
DA:122,0
DA:128,0
DA:132,0
DA:133,0
DA:136,0
DA:137,0
DA:140,0
DA:141,0
DA:146,0
DA:150,1
DA:151,1
DA:152,1
DA:155,1
DA:164,1
DA:165,1
DA:166,1
DA:169,1
DA:178,20
DA:179,20
DA:180,45
DA:181,45
DA:182,10
DA:183,4
DA:185,6
DA:189,20
DA:193,3
DA:194,3
DA:199,3
DA:203,3
DA:204,0
DA:206,3
DA:211,6
DA:212,6
DA:219,6
DA:223,6
DA:224,5
DA:225,12
DA:226,5
DA:228,12
DA:229,3
DA:232,5
DA:233,0
DA:234,0
DA:240,5
DA:243,1
LF:97
LH:72
BRDA:39,1,0,2
BRDA:39,1,1,4
BRDA:39,2,0,6
BRDA:39,2,1,4
BRDA:41,3,0,0
BRDA:41,3,1,4
BRDA:41,4,0,4
BRDA:41,4,1,2
BRDA:72,5,0,2
BRDA:72,5,1,1
BRDA:81,6,0,1
BRDA:81,6,1,0
BRDA:84,7,0,0
BRDA:84,7,1,0
BRDA:91,8,0,1
BRDA:91,8,1,0
BRDA:92,9,0,1
BRDA:92,9,1,0
BRDA:93,10,0,1
BRDA:93,10,1,0
BRDA:94,11,0,1
BRDA:94,11,1,0
BRDA:109,12,0,0
BRDA:109,12,1,0
BRDA:109,13,0,0
BRDA:109,13,1,0
BRDA:112,14,0,0
BRDA:112,14,1,0
BRDA:181,15,0,10
BRDA:181,15,1,35
BRDA:182,16,0,4
BRDA:182,16,1,6
BRDA:223,17,0,5
BRDA:223,17,1,1
BRDA:225,18,0,5
BRDA:225,18,1,7
BRDA:225,19,0,12
BRDA:225,19,1,7
BRDA:232,20,0,0
BRDA:232,20,1,5
BRF:40
BRH:25
end_of_record
TN:
SF:/home/tdfischer/Projects/ripple/montecarlo/lib/reviewers/tracker.js
FN:4,TrackerProcessor
FN:10,(anonymous_2)
FN:18,(anonymous_3)
FN:26,(anonymous_4)
FN:29,(anonymous_5)
FN:30,(anonymous_6)
FN:38,(anonymous_7)
FN:46,(anonymous_8)
FN:49,(anonymous_9)
FN:51,(anonymous_10)
FN:59,(anonymous_11)
FN:66,(anonymous_12)
FN:68,(anonymous_13)
FN:78,(anonymous_14)
FN:81,(anonymous_15)
FN:98,(anonymous_16)
FN:101,(anonymous_17)
FN:109,(anonymous_18)
FN:112,(anonymous_19)
FN:120,(anonymous_20)
FNF:20
FNH:12
FNDA:6,TrackerProcessor
FNDA:2,(anonymous_2)
FNDA:6,(anonymous_3)
FNDA:6,(anonymous_4)
FNDA:24,(anonymous_5)
FNDA:41,(anonymous_6)
FNDA:0,(anonymous_7)
FNDA:2,(anonymous_8)
FNDA:2,(anonymous_9)
FNDA:1,(anonymous_10)
FNDA:1,(anonymous_11)
FNDA:0,(anonymous_12)
FNDA:0,(anonymous_13)
FNDA:0,(anonymous_14)
FNDA:0,(anonymous_15)
FNDA:1,(anonymous_16)
FNDA:1,(anonymous_17)
FNDA:0,(anonymous_18)
FNDA:0,(anonymous_19)
FNDA:0,(anonymous_20)
DA:1,1
DA:2,1
DA:4,1
DA:5,6
DA:6,6
DA:9,1
DA:11,2
DA:12,2
DA:16,0
DA:19,6
DA:20,6
DA:27,6
DA:28,6
DA:29,6
DA:30,24
DA:31,41
DA:32,41
DA:33,12
DA:37,6
DA:38,0
DA:39,0
DA:43,6
DA:47,2
DA:48,2
DA:49,2
DA:50,2
DA:51,1
DA:52,1
DA:54,1
DA:55,1
DA:60,1
DA:64,2
DA:67,0
DA:68,0
DA:69,0
DA:70,0
DA:71,0
DA:75,0
DA:79,0
DA:80,0
DA:81,0
DA:82,0
DA:83,0
DA:84,0
DA:99,1
DA:100,1
DA:101,1
DA:102,1
DA:103,0
DA:110,0
DA:111,0
DA:112,0
DA:113,0
DA:114,0
DA:121,0
DA:122,0
DA:163,1
LF:57
LH:34
BRDA:28,1,0,6
BRDA:28,1,1,0
BRDA:32,2,0,12
BRDA:32,2,1,29
BRDA:37,3,0,0
BRDA:37,3,1,6
BRDA:50,4,0,1
BRDA:50,4,1,1
BRDA:54,5,0,1
BRDA:54,5,1,0
BRDA:54,6,0,1
BRDA:54,6,1,1
BRDA:70,7,0,0
BRDA:70,7,1,0
BRDA:82,8,0,0
BRDA:82,8,1,0
BRDA:102,9,0,0
BRDA:102,9,1,1
BRDA:102,10,0,1
BRDA:102,10,1,1
BRDA:113,11,0,0
BRDA:113,11,1,0
BRF:22
BRH:12
end_of_record
TN:
SF:/home/tdfischer/Projects/ripple/montecarlo/lib/reviewers/webui-state.js
FN:4,(anonymous_1)
FN:9,(anonymous_2)
FN:23,(anonymous_3)
FN:25,(anonymous_4)
FN:26,(anonymous_5)
FNF:5
FNH:0
FNDA:0,(anonymous_1)
FNDA:0,(anonymous_2)
FNDA:0,(anonymous_3)
FNDA:0,(anonymous_4)
FNDA:0,(anonymous_5)
DA:1,1
DA:2,1
DA:4,1
DA:5,0
DA:8,1
DA:10,0
DA:11,0
DA:19,0
DA:24,0
DA:27,0
LF:10
LH:4
BRF:0
BRH:0
end_of_record
TN:
SF:/home/tdfischer/Projects/ripple/montecarlo/lib/review-queue.js
FN:6,(anonymous_1)
FN:17,(anonymous_2)
FN:23,(anonymous_3)
FN:28,(anonymous_4)
FN:37,(anonymous_5)
FN:42,(anonymous_6)
FN:44,(anonymous_7)
FN:45,(anonymous_8)
FN:47,(anonymous_9)
FN:51,(anonymous_10)
FN:54,(anonymous_11)
FN:59,(anonymous_12)
FN:62,(anonymous_13)
FNF:13
FNH:10
FNDA:2,(anonymous_1)
FNDA:1,(anonymous_2)
FNDA:1,(anonymous_3)
FNDA:1,(anonymous_4)
FNDA:4,(anonymous_5)
FNDA:1,(anonymous_6)
FNDA:1,(anonymous_7)
FNDA:1,(anonymous_8)
FNDA:1,(anonymous_9)
FNDA:0,(anonymous_10)
FNDA:0,(anonymous_11)
FNDA:1,(anonymous_12)
FNDA:0,(anonymous_13)
DA:1,1
DA:2,1
DA:3,1
DA:4,1
DA:6,1
DA:7,2
DA:8,2
DA:9,2
DA:10,2
DA:11,2
DA:12,2
DA:13,2
DA:16,1
DA:18,1
DA:19,1
DA:20,1
DA:22,1
DA:23,1
DA:24,1
DA:29,1
DA:30,1
DA:32,0
DA:38,4
DA:39,4
DA:40,4
DA:43,1
DA:44,1
DA:45,1
DA:46,1
DA:47,1
DA:48,1
DA:50,1
DA:51,0
DA:52,0
DA:53,0
DA:55,0
DA:56,0
DA:59,1
DA:60,1
DA:61,1
DA:63,0
DA:64,0
LF:42
LH:34
BRDA:29,1,0,1
BRDA:29,1,1,0
BRDA:50,2,0,0
BRDA:50,2,1,1
BRF:4
BRH:2
end_of_record
TN:
SF:/home/tdfischer/Projects/ripple/montecarlo/lib/tracker.js
FNF:0
FNH:0
DA:1,1
DA:2,1
DA:3,1
DA:5,1
DA:6,1
DA:7,1
DA:8,1
DA:9,1
DA:10,1
DA:12,1
LF:10
LH:10
BRF:0
BRH:0
end_of_record
TN:
SF:/home/tdfischer/Projects/ripple/montecarlo/lib/kue.js
FNF:0
FNH:0
DA:1,1
DA:2,1
DA:4,1
DA:9,1
LF:4
LH:4
BRF:0
BRH:0
end_of_record
TN:
SF:/home/tdfischer/Projects/ripple/montecarlo/lib/github.js
FNF:0
FNH:0
DA:1,1
DA:2,1
DA:3,1
DA:5,1
DA:10,1
DA:11,0
DA:17,1
DA:18,1
DA:19,1
DA:20,1
DA:21,1
DA:22,1
DA:23,1
DA:25,1
LF:14
LH:13
BRDA:10,1,0,0
BRDA:10,1,1,1
BRF:2
BRH:1
end_of_record
TN:
SF:/home/tdfischer/Projects/ripple/montecarlo/lib/travis.js
FNF:0
FNH:0
DA:1,1
DA:3,1
DA:7,1
LF:3
LH:3
BRF:0
BRH:0
end_of_record
TN:
SF:/home/tdfischer/Projects/ripple/montecarlo/lib/repolist.js
FN:5,(anonymous_1)
FN:11,(anonymous_2)
FN:13,(anonymous_3)
FN:15,(anonymous_4)
FN:25,(anonymous_5)
FN:27,(anonymous_6)
FN:28,(anonymous_7)
FN:35,(anonymous_8)
FN:37,(anonymous_9)
FN:41,(anonymous_10)
FN:43,(anonymous_11)
FNF:11
FNH:5
FNDA:1,(anonymous_1)
FNDA:3,(anonymous_2)
FNDA:3,(anonymous_3)
FNDA:0,(anonymous_4)
FNDA:3,(anonymous_5)
FNDA:0,(anonymous_6)
FNDA:0,(anonymous_7)
FNDA:1,(anonymous_8)
FNDA:0,(anonymous_9)
FNDA:0,(anonymous_10)
FNDA:0,(anonymous_11)
DA:1,1
DA:2,1
DA:3,1
DA:5,1
DA:6,1
DA:7,1
DA:10,1
DA:12,3
DA:13,3
DA:14,3
DA:15,3
DA:16,0
DA:19,0
DA:24,3
DA:26,3
DA:27,3
DA:28,0
DA:29,0
DA:32,3
DA:36,1
DA:37,1
DA:38,0
DA:42,0
DA:43,0
DA:44,0
DA:45,0
DA:46,0
DA:50,0
DA:51,0
DA:52,0
LF:30
LH:17
BRDA:44,1,0,0
BRDA:44,1,1,0
BRDA:45,2,0,0
BRDA:45,2,1,0
BRDA:50,3,0,0
BRDA:50,3,1,0
BRF:6
BRH:0
end_of_record
TN:
SF:/home/tdfischer/Projects/ripple/montecarlo/lib/health.js
FN:4,(anonymous_1)
FN:10,(anonymous_2)
FN:14,(anonymous_3)
FN:17,(anonymous_4)
FN:23,(anonymous_5)
FN:24,(anonymous_6)
FN:36,(anonymous_7)
FNF:7
FNH:4
FNDA:1,(anonymous_1)
FNDA:1,(anonymous_2)
FNDA:1,(anonymous_3)
FNDA:0,(anonymous_4)
FNDA:0,(anonymous_5)
FNDA:0,(anonymous_6)
FNDA:1,(anonymous_7)
DA:1,1
DA:2,1
DA:4,1
DA:5,1
DA:6,1
DA:9,1
DA:11,1
DA:12,1
DA:13,1
DA:14,1
DA:15,1
DA:16,1
DA:17,1
DA:18,0
DA:24,0
DA:25,0
DA:36,1
DA:37,1
LF:18
LH:15
BRDA:13,1,0,1
BRDA:13,1,1,0
BRF:2
BRH:1
end_of_record
TN:
SF:/home/tdfischer/Projects/ripple/montecarlo/lib/slack.js
FN:1,do_snack_request
FNF:1
FNH:1
FNDA:1,do_snack_request
DA:1,1
DA:2,1
DA:3,0
DA:5,1
DA:9,1
LF:5
LH:4
BRDA:2,1,0,0
BRDA:2,1,1,1
BRF:2
BRH:1
end_of_record
